<testsuites id="" name="" tests="175" failures="175" skipped="0" errors="0" time="1403.684454">
<testsuite name="tests/home.spec.ts" timestamp="2025-05-23T12:26:34.558Z" hostname="chromium" tests="13" failures="13" skipped="0" time="414.244" errors="0">
<testcase name="首页 E2E 测试 › 应该正确加载首页" classname="tests/home.spec.ts" time="31.91">
<failure message="home.spec.ts:15:3 应该正确加载首页" type="FAILURE">
<![CDATA[  [chromium] › tests/home.spec.ts:15:3 › 首页 E2E 测试 › 应该正确加载首页 ──────────────────────────────────────

    Test timeout of 30000ms exceeded while running "beforeEach" hook.

       7 |   let helpers: TestHelpers;
       8 |
    >  9 |   test.beforeEach(async ({ page }) => {
         |        ^
      10 |     homePage = new HomePage(page);
      11 |     helpers = new TestHelpers(page);
      12 |     await homePage.goto();
        at /Users/zuodao/BLP/product-management-system/bjt-front/bjt-product-system/frontend/e2e/tests/home.spec.ts:9:8

    Error: page.waitForSelector: Test timeout of 30000ms exceeded.
    Call log:
      - waiting for locator('[data-testid="page-content"]') to be visible


       at utils/test-helpers.ts:14

      12 |   async waitForPageLoad(timeout = 30000) {
      13 |     await this.page.waitForLoadState('networkidle', { timeout });
    > 14 |     await this.page.waitForSelector('[data-testid="page-content"]', { timeout });
         |                     ^
      15 |   }
      16 |
      17 |   /**
        at TestHelpers.waitForPageLoad (/Users/zuodao/BLP/product-management-system/bjt-front/bjt-product-system/frontend/e2e/utils/test-helpers.ts:14:21)
        at HomePage.goto (/Users/zuodao/BLP/product-management-system/bjt-front/bjt-product-system/frontend/e2e/pages/HomePage.ts:39:5)
        at /Users/zuodao/BLP/product-management-system/bjt-front/bjt-product-system/frontend/e2e/tests/home.spec.ts:12:5

    attachment #1: screenshot (image/png) ──────────────────────────────────────────────────────────
    test-results/tests-home-首页-E2E-测试-应该正确加载首页-chromium/test-failed-1.png
    ────────────────────────────────────────────────────────────────────────────────────────────────

    attachment #2: video (video/webm) ──────────────────────────────────────────────────────────────
    test-results/tests-home-首页-E2E-测试-应该正确加载首页-chromium/video.webm
    ────────────────────────────────────────────────────────────────────────────────────────────────

    Error Context: ../test-results/tests-home-首页-E2E-测试-应该正确加载首页-chromium/error-context.md
]]>
</failure>
<system-err>
<![CDATA[
Warning: attachment test-results/tests-home-首页-E2E-测试-应该正确加载首页-chromium/test-failed-1.png is missing
Warning: attachment test-results/tests-home-首页-E2E-测试-应该正确加载首页-chromium/video.webm is missing
Warning: attachment test-results/tests-home-首页-E2E-测试-应该正确加载首页-chromium/error-context.md is missing]]>
</system-err>
</testcase>
<testcase name="首页 E2E 测试 › 应该显示产品线卡片" classname="tests/home.spec.ts" time="31.953">
<failure message="home.spec.ts:29:3 应该显示产品线卡片" type="FAILURE">
<![CDATA[  [chromium] › tests/home.spec.ts:29:3 › 首页 E2E 测试 › 应该显示产品线卡片 ─────────────────────────────────────

    Test timeout of 30000ms exceeded while running "beforeEach" hook.

       7 |   let helpers: TestHelpers;
       8 |
    >  9 |   test.beforeEach(async ({ page }) => {
         |        ^
      10 |     homePage = new HomePage(page);
      11 |     helpers = new TestHelpers(page);
      12 |     await homePage.goto();
        at /Users/zuodao/BLP/product-management-system/bjt-front/bjt-product-system/frontend/e2e/tests/home.spec.ts:9:8

    Error: page.waitForSelector: Test timeout of 30000ms exceeded.
    Call log:
      - waiting for locator('[data-testid="page-content"]') to be visible


       at utils/test-helpers.ts:14

      12 |   async waitForPageLoad(timeout = 30000) {
      13 |     await this.page.waitForLoadState('networkidle', { timeout });
    > 14 |     await this.page.waitForSelector('[data-testid="page-content"]', { timeout });
         |                     ^
      15 |   }
      16 |
      17 |   /**
        at TestHelpers.waitForPageLoad (/Users/zuodao/BLP/product-management-system/bjt-front/bjt-product-system/frontend/e2e/utils/test-helpers.ts:14:21)
        at HomePage.goto (/Users/zuodao/BLP/product-management-system/bjt-front/bjt-product-system/frontend/e2e/pages/HomePage.ts:39:5)
        at /Users/zuodao/BLP/product-management-system/bjt-front/bjt-product-system/frontend/e2e/tests/home.spec.ts:12:5

    attachment #1: screenshot (image/png) ──────────────────────────────────────────────────────────
    test-results/tests-home-首页-E2E-测试-应该显示产品线卡片-chromium/test-failed-1.png
    ────────────────────────────────────────────────────────────────────────────────────────────────

    attachment #2: video (video/webm) ──────────────────────────────────────────────────────────────
    test-results/tests-home-首页-E2E-测试-应该显示产品线卡片-chromium/video.webm
    ────────────────────────────────────────────────────────────────────────────────────────────────

    Error Context: ../test-results/tests-home-首页-E2E-测试-应该显示产品线卡片-chromium/error-context.md
]]>
</failure>
<system-err>
<![CDATA[
Warning: attachment test-results/tests-home-首页-E2E-测试-应该显示产品线卡片-chromium/test-failed-1.png is missing
Warning: attachment test-results/tests-home-首页-E2E-测试-应该显示产品线卡片-chromium/video.webm is missing
Warning: attachment test-results/tests-home-首页-E2E-测试-应该显示产品线卡片-chromium/error-context.md is missing]]>
</system-err>
</testcase>
<testcase name="首页 E2E 测试 › 应该能够点击产品线卡片进行导航" classname="tests/home.spec.ts" time="31.938">
<failure message="home.spec.ts:43:3 应该能够点击产品线卡片进行导航" type="FAILURE">
<![CDATA[  [chromium] › tests/home.spec.ts:43:3 › 首页 E2E 测试 › 应该能够点击产品线卡片进行导航 ───────────────────────────────

    Test timeout of 30000ms exceeded while running "beforeEach" hook.

       7 |   let helpers: TestHelpers;
       8 |
    >  9 |   test.beforeEach(async ({ page }) => {
         |        ^
      10 |     homePage = new HomePage(page);
      11 |     helpers = new TestHelpers(page);
      12 |     await homePage.goto();
        at /Users/zuodao/BLP/product-management-system/bjt-front/bjt-product-system/frontend/e2e/tests/home.spec.ts:9:8

    Error: page.waitForSelector: Test timeout of 30000ms exceeded.
    Call log:
      - waiting for locator('[data-testid="page-content"]') to be visible


       at utils/test-helpers.ts:14

      12 |   async waitForPageLoad(timeout = 30000) {
      13 |     await this.page.waitForLoadState('networkidle', { timeout });
    > 14 |     await this.page.waitForSelector('[data-testid="page-content"]', { timeout });
         |                     ^
      15 |   }
      16 |
      17 |   /**
        at TestHelpers.waitForPageLoad (/Users/zuodao/BLP/product-management-system/bjt-front/bjt-product-system/frontend/e2e/utils/test-helpers.ts:14:21)
        at HomePage.goto (/Users/zuodao/BLP/product-management-system/bjt-front/bjt-product-system/frontend/e2e/pages/HomePage.ts:39:5)
        at /Users/zuodao/BLP/product-management-system/bjt-front/bjt-product-system/frontend/e2e/tests/home.spec.ts:12:5

    attachment #1: screenshot (image/png) ──────────────────────────────────────────────────────────
    test-results/tests-home-首页-E2E-测试-应该能够点击产品线卡片进行导航-chromium/test-failed-1.png
    ────────────────────────────────────────────────────────────────────────────────────────────────

    attachment #2: video (video/webm) ──────────────────────────────────────────────────────────────
    test-results/tests-home-首页-E2E-测试-应该能够点击产品线卡片进行导航-chromium/video.webm
    ────────────────────────────────────────────────────────────────────────────────────────────────

    Error Context: ../test-results/tests-home-首页-E2E-测试-应该能够点击产品线卡片进行导航-chromium/error-context.md
]]>
</failure>
<system-err>
<![CDATA[
Warning: attachment test-results/tests-home-首页-E2E-测试-应该能够点击产品线卡片进行导航-chromium/test-failed-1.png is missing
Warning: attachment test-results/tests-home-首页-E2E-测试-应该能够点击产品线卡片进行导航-chromium/video.webm is missing
Warning: attachment test-results/tests-home-首页-E2E-测试-应该能够点击产品线卡片进行导航-chromium/error-context.md is missing]]>
</system-err>
</testcase>
<testcase name="首页 E2E 测试 › 应该显示导航菜单" classname="tests/home.spec.ts" time="31.967">
<failure message="home.spec.ts:60:3 应该显示导航菜单" type="FAILURE">
<![CDATA[  [chromium] › tests/home.spec.ts:60:3 › 首页 E2E 测试 › 应该显示导航菜单 ──────────────────────────────────────

    Test timeout of 30000ms exceeded while running "beforeEach" hook.

       7 |   let helpers: TestHelpers;
       8 |
    >  9 |   test.beforeEach(async ({ page }) => {
         |        ^
      10 |     homePage = new HomePage(page);
      11 |     helpers = new TestHelpers(page);
      12 |     await homePage.goto();
        at /Users/zuodao/BLP/product-management-system/bjt-front/bjt-product-system/frontend/e2e/tests/home.spec.ts:9:8

    Error: page.waitForSelector: Test timeout of 30000ms exceeded.
    Call log:
      - waiting for locator('[data-testid="page-content"]') to be visible


       at utils/test-helpers.ts:14

      12 |   async waitForPageLoad(timeout = 30000) {
      13 |     await this.page.waitForLoadState('networkidle', { timeout });
    > 14 |     await this.page.waitForSelector('[data-testid="page-content"]', { timeout });
         |                     ^
      15 |   }
      16 |
      17 |   /**
        at TestHelpers.waitForPageLoad (/Users/zuodao/BLP/product-management-system/bjt-front/bjt-product-system/frontend/e2e/utils/test-helpers.ts:14:21)
        at HomePage.goto (/Users/zuodao/BLP/product-management-system/bjt-front/bjt-product-system/frontend/e2e/pages/HomePage.ts:39:5)
        at /Users/zuodao/BLP/product-management-system/bjt-front/bjt-product-system/frontend/e2e/tests/home.spec.ts:12:5

    attachment #1: screenshot (image/png) ──────────────────────────────────────────────────────────
    test-results/tests-home-首页-E2E-测试-应该显示导航菜单-chromium/test-failed-1.png
    ────────────────────────────────────────────────────────────────────────────────────────────────

    attachment #2: video (video/webm) ──────────────────────────────────────────────────────────────
    test-results/tests-home-首页-E2E-测试-应该显示导航菜单-chromium/video.webm
    ────────────────────────────────────────────────────────────────────────────────────────────────

    Error Context: ../test-results/tests-home-首页-E2E-测试-应该显示导航菜单-chromium/error-context.md
]]>
</failure>
<system-err>
<![CDATA[
Warning: attachment test-results/tests-home-首页-E2E-测试-应该显示导航菜单-chromium/test-failed-1.png is missing
Warning: attachment test-results/tests-home-首页-E2E-测试-应该显示导航菜单-chromium/video.webm is missing
Warning: attachment test-results/tests-home-首页-E2E-测试-应该显示导航菜单-chromium/error-context.md is missing]]>
</system-err>
</testcase>
<testcase name="首页 E2E 测试 › 应该支持语言切换" classname="tests/home.spec.ts" time="31.775">
<failure message="home.spec.ts:75:3 应该支持语言切换" type="FAILURE">
<![CDATA[  [chromium] › tests/home.spec.ts:75:3 › 首页 E2E 测试 › 应该支持语言切换 ──────────────────────────────────────

    Test timeout of 30000ms exceeded while running "beforeEach" hook.

       7 |   let helpers: TestHelpers;
       8 |
    >  9 |   test.beforeEach(async ({ page }) => {
         |        ^
      10 |     homePage = new HomePage(page);
      11 |     helpers = new TestHelpers(page);
      12 |     await homePage.goto();
        at /Users/zuodao/BLP/product-management-system/bjt-front/bjt-product-system/frontend/e2e/tests/home.spec.ts:9:8

    Error: page.waitForSelector: Test timeout of 30000ms exceeded.
    Call log:
      - waiting for locator('[data-testid="page-content"]') to be visible


       at utils/test-helpers.ts:14

      12 |   async waitForPageLoad(timeout = 30000) {
      13 |     await this.page.waitForLoadState('networkidle', { timeout });
    > 14 |     await this.page.waitForSelector('[data-testid="page-content"]', { timeout });
         |                     ^
      15 |   }
      16 |
      17 |   /**
        at TestHelpers.waitForPageLoad (/Users/zuodao/BLP/product-management-system/bjt-front/bjt-product-system/frontend/e2e/utils/test-helpers.ts:14:21)
        at HomePage.goto (/Users/zuodao/BLP/product-management-system/bjt-front/bjt-product-system/frontend/e2e/pages/HomePage.ts:39:5)
        at /Users/zuodao/BLP/product-management-system/bjt-front/bjt-product-system/frontend/e2e/tests/home.spec.ts:12:5

    attachment #1: screenshot (image/png) ──────────────────────────────────────────────────────────
    test-results/tests-home-首页-E2E-测试-应该支持语言切换-chromium/test-failed-1.png
    ────────────────────────────────────────────────────────────────────────────────────────────────

    attachment #2: video (video/webm) ──────────────────────────────────────────────────────────────
    test-results/tests-home-首页-E2E-测试-应该支持语言切换-chromium/video.webm
    ────────────────────────────────────────────────────────────────────────────────────────────────

    Error Context: ../test-results/tests-home-首页-E2E-测试-应该支持语言切换-chromium/error-context.md
]]>
</failure>
<system-err>
<![CDATA[
Warning: attachment test-results/tests-home-首页-E2E-测试-应该支持语言切换-chromium/test-failed-1.png is missing
Warning: attachment test-results/tests-home-首页-E2E-测试-应该支持语言切换-chromium/video.webm is missing
Warning: attachment test-results/tests-home-首页-E2E-测试-应该支持语言切换-chromium/error-context.md is missing]]>
</system-err>
</testcase>
<testcase name="首页 E2E 测试 › 应该支持全局搜索" classname="tests/home.spec.ts" time="31.781">
<failure message="home.spec.ts:98:3 应该支持全局搜索" type="FAILURE">
<![CDATA[  [chromium] › tests/home.spec.ts:98:3 › 首页 E2E 测试 › 应该支持全局搜索 ──────────────────────────────────────

    Test timeout of 30000ms exceeded while running "beforeEach" hook.

       7 |   let helpers: TestHelpers;
       8 |
    >  9 |   test.beforeEach(async ({ page }) => {
         |        ^
      10 |     homePage = new HomePage(page);
      11 |     helpers = new TestHelpers(page);
      12 |     await homePage.goto();
        at /Users/zuodao/BLP/product-management-system/bjt-front/bjt-product-system/frontend/e2e/tests/home.spec.ts:9:8

    Error: page.waitForSelector: Test timeout of 30000ms exceeded.
    Call log:
      - waiting for locator('[data-testid="page-content"]') to be visible


       at utils/test-helpers.ts:14

      12 |   async waitForPageLoad(timeout = 30000) {
      13 |     await this.page.waitForLoadState('networkidle', { timeout });
    > 14 |     await this.page.waitForSelector('[data-testid="page-content"]', { timeout });
         |                     ^
      15 |   }
      16 |
      17 |   /**
        at TestHelpers.waitForPageLoad (/Users/zuodao/BLP/product-management-system/bjt-front/bjt-product-system/frontend/e2e/utils/test-helpers.ts:14:21)
        at HomePage.goto (/Users/zuodao/BLP/product-management-system/bjt-front/bjt-product-system/frontend/e2e/pages/HomePage.ts:39:5)
        at /Users/zuodao/BLP/product-management-system/bjt-front/bjt-product-system/frontend/e2e/tests/home.spec.ts:12:5

    attachment #1: screenshot (image/png) ──────────────────────────────────────────────────────────
    test-results/tests-home-首页-E2E-测试-应该支持全局搜索-chromium/test-failed-1.png
    ────────────────────────────────────────────────────────────────────────────────────────────────

    attachment #2: video (video/webm) ──────────────────────────────────────────────────────────────
    test-results/tests-home-首页-E2E-测试-应该支持全局搜索-chromium/video.webm
    ────────────────────────────────────────────────────────────────────────────────────────────────

    Error Context: ../test-results/tests-home-首页-E2E-测试-应该支持全局搜索-chromium/error-context.md
]]>
</failure>
<system-err>
<![CDATA[
Warning: attachment test-results/tests-home-首页-E2E-测试-应该支持全局搜索-chromium/test-failed-1.png is missing
Warning: attachment test-results/tests-home-首页-E2E-测试-应该支持全局搜索-chromium/video.webm is missing
Warning: attachment test-results/tests-home-首页-E2E-测试-应该支持全局搜索-chromium/error-context.md is missing]]>
</system-err>
</testcase>
<testcase name="首页 E2E 测试 › 应该显示Mock服务状态" classname="tests/home.spec.ts" time="31.805">
<failure message="home.spec.ts:111:3 应该显示Mock服务状态" type="FAILURE">
<![CDATA[  [chromium] › tests/home.spec.ts:111:3 › 首页 E2E 测试 › 应该显示Mock服务状态 ─────────────────────────────────

    Test timeout of 30000ms exceeded while running "beforeEach" hook.

       7 |   let helpers: TestHelpers;
       8 |
    >  9 |   test.beforeEach(async ({ page }) => {
         |        ^
      10 |     homePage = new HomePage(page);
      11 |     helpers = new TestHelpers(page);
      12 |     await homePage.goto();
        at /Users/zuodao/BLP/product-management-system/bjt-front/bjt-product-system/frontend/e2e/tests/home.spec.ts:9:8

    Error: page.waitForSelector: Test timeout of 30000ms exceeded.
    Call log:
      - waiting for locator('[data-testid="page-content"]') to be visible


       at utils/test-helpers.ts:14

      12 |   async waitForPageLoad(timeout = 30000) {
      13 |     await this.page.waitForLoadState('networkidle', { timeout });
    > 14 |     await this.page.waitForSelector('[data-testid="page-content"]', { timeout });
         |                     ^
      15 |   }
      16 |
      17 |   /**
        at TestHelpers.waitForPageLoad (/Users/zuodao/BLP/product-management-system/bjt-front/bjt-product-system/frontend/e2e/utils/test-helpers.ts:14:21)
        at HomePage.goto (/Users/zuodao/BLP/product-management-system/bjt-front/bjt-product-system/frontend/e2e/pages/HomePage.ts:39:5)
        at /Users/zuodao/BLP/product-management-system/bjt-front/bjt-product-system/frontend/e2e/tests/home.spec.ts:12:5

    attachment #1: screenshot (image/png) ──────────────────────────────────────────────────────────
    test-results/tests-home-首页-E2E-测试-应该显示Mock服务状态-chromium/test-failed-1.png
    ────────────────────────────────────────────────────────────────────────────────────────────────

    attachment #2: video (video/webm) ──────────────────────────────────────────────────────────────
    test-results/tests-home-首页-E2E-测试-应该显示Mock服务状态-chromium/video.webm
    ────────────────────────────────────────────────────────────────────────────────────────────────

    Error Context: ../test-results/tests-home-首页-E2E-测试-应该显示Mock服务状态-chromium/error-context.md
]]>
</failure>
<system-err>
<![CDATA[
Warning: attachment test-results/tests-home-首页-E2E-测试-应该显示Mock服务状态-chromium/test-failed-1.png is missing
Warning: attachment test-results/tests-home-首页-E2E-测试-应该显示Mock服务状态-chromium/video.webm is missing
Warning: attachment test-results/tests-home-首页-E2E-测试-应该显示Mock服务状态-chromium/error-context.md is missing]]>
</system-err>
</testcase>
<testcase name="首页 E2E 测试 › 应该支持数据源切换" classname="tests/home.spec.ts" time="31.805">
<failure message="home.spec.ts:122:3 应该支持数据源切换" type="FAILURE">
<![CDATA[  [chromium] › tests/home.spec.ts:122:3 › 首页 E2E 测试 › 应该支持数据源切换 ────────────────────────────────────

    Test timeout of 30000ms exceeded while running "beforeEach" hook.

       7 |   let helpers: TestHelpers;
       8 |
    >  9 |   test.beforeEach(async ({ page }) => {
         |        ^
      10 |     homePage = new HomePage(page);
      11 |     helpers = new TestHelpers(page);
      12 |     await homePage.goto();
        at /Users/zuodao/BLP/product-management-system/bjt-front/bjt-product-system/frontend/e2e/tests/home.spec.ts:9:8

    Error: page.waitForSelector: Test timeout of 30000ms exceeded.
    Call log:
      - waiting for locator('[data-testid="page-content"]') to be visible


       at utils/test-helpers.ts:14

      12 |   async waitForPageLoad(timeout = 30000) {
      13 |     await this.page.waitForLoadState('networkidle', { timeout });
    > 14 |     await this.page.waitForSelector('[data-testid="page-content"]', { timeout });
         |                     ^
      15 |   }
      16 |
      17 |   /**
        at TestHelpers.waitForPageLoad (/Users/zuodao/BLP/product-management-system/bjt-front/bjt-product-system/frontend/e2e/utils/test-helpers.ts:14:21)
        at HomePage.goto (/Users/zuodao/BLP/product-management-system/bjt-front/bjt-product-system/frontend/e2e/pages/HomePage.ts:39:5)
        at /Users/zuodao/BLP/product-management-system/bjt-front/bjt-product-system/frontend/e2e/tests/home.spec.ts:12:5

    attachment #1: screenshot (image/png) ──────────────────────────────────────────────────────────
    test-results/tests-home-首页-E2E-测试-应该支持数据源切换-chromium/test-failed-1.png
    ────────────────────────────────────────────────────────────────────────────────────────────────

    attachment #2: video (video/webm) ──────────────────────────────────────────────────────────────
    test-results/tests-home-首页-E2E-测试-应该支持数据源切换-chromium/video.webm
    ────────────────────────────────────────────────────────────────────────────────────────────────

    Error Context: ../test-results/tests-home-首页-E2E-测试-应该支持数据源切换-chromium/error-context.md
]]>
</failure>
<system-err>
<![CDATA[
Warning: attachment test-results/tests-home-首页-E2E-测试-应该支持数据源切换-chromium/test-failed-1.png is missing
Warning: attachment test-results/tests-home-首页-E2E-测试-应该支持数据源切换-chromium/video.webm is missing
Warning: attachment test-results/tests-home-首页-E2E-测试-应该支持数据源切换-chromium/error-context.md is missing]]>
</system-err>
</testcase>
<testcase name="首页 E2E 测试 › 应该具有响应式布局" classname="tests/home.spec.ts" time="31.8">
<failure message="home.spec.ts:137:3 应该具有响应式布局" type="FAILURE">
<![CDATA[  [chromium] › tests/home.spec.ts:137:3 › 首页 E2E 测试 › 应该具有响应式布局 ────────────────────────────────────

    Test timeout of 30000ms exceeded while running "beforeEach" hook.

       7 |   let helpers: TestHelpers;
       8 |
    >  9 |   test.beforeEach(async ({ page }) => {
         |        ^
      10 |     homePage = new HomePage(page);
      11 |     helpers = new TestHelpers(page);
      12 |     await homePage.goto();
        at /Users/zuodao/BLP/product-management-system/bjt-front/bjt-product-system/frontend/e2e/tests/home.spec.ts:9:8

    Error: page.waitForSelector: Test timeout of 30000ms exceeded.
    Call log:
      - waiting for locator('[data-testid="page-content"]') to be visible


       at utils/test-helpers.ts:14

      12 |   async waitForPageLoad(timeout = 30000) {
      13 |     await this.page.waitForLoadState('networkidle', { timeout });
    > 14 |     await this.page.waitForSelector('[data-testid="page-content"]', { timeout });
         |                     ^
      15 |   }
      16 |
      17 |   /**
        at TestHelpers.waitForPageLoad (/Users/zuodao/BLP/product-management-system/bjt-front/bjt-product-system/frontend/e2e/utils/test-helpers.ts:14:21)
        at HomePage.goto (/Users/zuodao/BLP/product-management-system/bjt-front/bjt-product-system/frontend/e2e/pages/HomePage.ts:39:5)
        at /Users/zuodao/BLP/product-management-system/bjt-front/bjt-product-system/frontend/e2e/tests/home.spec.ts:12:5

    attachment #1: screenshot (image/png) ──────────────────────────────────────────────────────────
    test-results/tests-home-首页-E2E-测试-应该具有响应式布局-chromium/test-failed-1.png
    ────────────────────────────────────────────────────────────────────────────────────────────────

    attachment #2: video (video/webm) ──────────────────────────────────────────────────────────────
    test-results/tests-home-首页-E2E-测试-应该具有响应式布局-chromium/video.webm
    ────────────────────────────────────────────────────────────────────────────────────────────────

    Error Context: ../test-results/tests-home-首页-E2E-测试-应该具有响应式布局-chromium/error-context.md
]]>
</failure>
<system-err>
<![CDATA[
Warning: attachment test-results/tests-home-首页-E2E-测试-应该具有响应式布局-chromium/test-failed-1.png is missing
Warning: attachment test-results/tests-home-首页-E2E-测试-应该具有响应式布局-chromium/video.webm is missing
Warning: attachment test-results/tests-home-首页-E2E-测试-应该具有响应式布局-chromium/error-context.md is missing]]>
</system-err>
</testcase>
<testcase name="首页 E2E 测试 › 页面性能应该良好" classname="tests/home.spec.ts" time="31.876">
<failure message="home.spec.ts:151:3 页面性能应该良好" type="FAILURE">
<![CDATA[  [chromium] › tests/home.spec.ts:151:3 › 首页 E2E 测试 › 页面性能应该良好 ─────────────────────────────────────

    Test timeout of 30000ms exceeded while running "beforeEach" hook.

       7 |   let helpers: TestHelpers;
       8 |
    >  9 |   test.beforeEach(async ({ page }) => {
         |        ^
      10 |     homePage = new HomePage(page);
      11 |     helpers = new TestHelpers(page);
      12 |     await homePage.goto();
        at /Users/zuodao/BLP/product-management-system/bjt-front/bjt-product-system/frontend/e2e/tests/home.spec.ts:9:8

    Error: page.waitForSelector: Test timeout of 30000ms exceeded.
    Call log:
      - waiting for locator('[data-testid="page-content"]') to be visible


       at utils/test-helpers.ts:14

      12 |   async waitForPageLoad(timeout = 30000) {
      13 |     await this.page.waitForLoadState('networkidle', { timeout });
    > 14 |     await this.page.waitForSelector('[data-testid="page-content"]', { timeout });
         |                     ^
      15 |   }
      16 |
      17 |   /**
        at TestHelpers.waitForPageLoad (/Users/zuodao/BLP/product-management-system/bjt-front/bjt-product-system/frontend/e2e/utils/test-helpers.ts:14:21)
        at HomePage.goto (/Users/zuodao/BLP/product-management-system/bjt-front/bjt-product-system/frontend/e2e/pages/HomePage.ts:39:5)
        at /Users/zuodao/BLP/product-management-system/bjt-front/bjt-product-system/frontend/e2e/tests/home.spec.ts:12:5

    attachment #1: screenshot (image/png) ──────────────────────────────────────────────────────────
    test-results/tests-home-首页-E2E-测试-页面性能应该良好-chromium/test-failed-1.png
    ────────────────────────────────────────────────────────────────────────────────────────────────

    attachment #2: video (video/webm) ──────────────────────────────────────────────────────────────
    test-results/tests-home-首页-E2E-测试-页面性能应该良好-chromium/video.webm
    ────────────────────────────────────────────────────────────────────────────────────────────────

    Error Context: ../test-results/tests-home-首页-E2E-测试-页面性能应该良好-chromium/error-context.md
]]>
</failure>
<system-err>
<![CDATA[
Warning: attachment test-results/tests-home-首页-E2E-测试-页面性能应该良好-chromium/test-failed-1.png is missing
Warning: attachment test-results/tests-home-首页-E2E-测试-页面性能应该良好-chromium/video.webm is missing
Warning: attachment test-results/tests-home-首页-E2E-测试-页面性能应该良好-chromium/error-context.md is missing]]>
</system-err>
</testcase>
<testcase name="首页 E2E 测试 › 应该显示页脚信息" classname="tests/home.spec.ts" time="32.016">
<failure message="home.spec.ts:167:3 应该显示页脚信息" type="FAILURE">
<![CDATA[  [chromium] › tests/home.spec.ts:167:3 › 首页 E2E 测试 › 应该显示页脚信息 ─────────────────────────────────────

    Test timeout of 30000ms exceeded while running "beforeEach" hook.

       7 |   let helpers: TestHelpers;
       8 |
    >  9 |   test.beforeEach(async ({ page }) => {
         |        ^
      10 |     homePage = new HomePage(page);
      11 |     helpers = new TestHelpers(page);
      12 |     await homePage.goto();
        at /Users/zuodao/BLP/product-management-system/bjt-front/bjt-product-system/frontend/e2e/tests/home.spec.ts:9:8

    Error: page.waitForSelector: Test timeout of 30000ms exceeded.
    Call log:
      - waiting for locator('[data-testid="page-content"]') to be visible


       at utils/test-helpers.ts:14

      12 |   async waitForPageLoad(timeout = 30000) {
      13 |     await this.page.waitForLoadState('networkidle', { timeout });
    > 14 |     await this.page.waitForSelector('[data-testid="page-content"]', { timeout });
         |                     ^
      15 |   }
      16 |
      17 |   /**
        at TestHelpers.waitForPageLoad (/Users/zuodao/BLP/product-management-system/bjt-front/bjt-product-system/frontend/e2e/utils/test-helpers.ts:14:21)
        at HomePage.goto (/Users/zuodao/BLP/product-management-system/bjt-front/bjt-product-system/frontend/e2e/pages/HomePage.ts:39:5)
        at /Users/zuodao/BLP/product-management-system/bjt-front/bjt-product-system/frontend/e2e/tests/home.spec.ts:12:5

    attachment #1: screenshot (image/png) ──────────────────────────────────────────────────────────
    test-results/tests-home-首页-E2E-测试-应该显示页脚信息-chromium/test-failed-1.png
    ────────────────────────────────────────────────────────────────────────────────────────────────

    attachment #2: video (video/webm) ──────────────────────────────────────────────────────────────
    test-results/tests-home-首页-E2E-测试-应该显示页脚信息-chromium/video.webm
    ────────────────────────────────────────────────────────────────────────────────────────────────

    Error Context: ../test-results/tests-home-首页-E2E-测试-应该显示页脚信息-chromium/error-context.md
]]>
</failure>
<system-err>
<![CDATA[
Warning: attachment test-results/tests-home-首页-E2E-测试-应该显示页脚信息-chromium/test-failed-1.png is missing
Warning: attachment test-results/tests-home-首页-E2E-测试-应该显示页脚信息-chromium/video.webm is missing
Warning: attachment test-results/tests-home-首页-E2E-测试-应该显示页脚信息-chromium/error-context.md is missing]]>
</system-err>
</testcase>
<testcase name="首页 E2E 测试 › 应该处理网络错误" classname="tests/home.spec.ts" time="31.971">
<failure message="home.spec.ts:177:3 应该处理网络错误" type="FAILURE">
<![CDATA[  [chromium] › tests/home.spec.ts:177:3 › 首页 E2E 测试 › 应该处理网络错误 ─────────────────────────────────────

    Test timeout of 30000ms exceeded while running "beforeEach" hook.

       7 |   let helpers: TestHelpers;
       8 |
    >  9 |   test.beforeEach(async ({ page }) => {
         |        ^
      10 |     homePage = new HomePage(page);
      11 |     helpers = new TestHelpers(page);
      12 |     await homePage.goto();
        at /Users/zuodao/BLP/product-management-system/bjt-front/bjt-product-system/frontend/e2e/tests/home.spec.ts:9:8

    Error: page.waitForSelector: Test timeout of 30000ms exceeded.
    Call log:
      - waiting for locator('[data-testid="page-content"]') to be visible


       at utils/test-helpers.ts:14

      12 |   async waitForPageLoad(timeout = 30000) {
      13 |     await this.page.waitForLoadState('networkidle', { timeout });
    > 14 |     await this.page.waitForSelector('[data-testid="page-content"]', { timeout });
         |                     ^
      15 |   }
      16 |
      17 |   /**
        at TestHelpers.waitForPageLoad (/Users/zuodao/BLP/product-management-system/bjt-front/bjt-product-system/frontend/e2e/utils/test-helpers.ts:14:21)
        at HomePage.goto (/Users/zuodao/BLP/product-management-system/bjt-front/bjt-product-system/frontend/e2e/pages/HomePage.ts:39:5)
        at /Users/zuodao/BLP/product-management-system/bjt-front/bjt-product-system/frontend/e2e/tests/home.spec.ts:12:5

    attachment #1: screenshot (image/png) ──────────────────────────────────────────────────────────
    test-results/tests-home-首页-E2E-测试-应该处理网络错误-chromium/test-failed-1.png
    ────────────────────────────────────────────────────────────────────────────────────────────────

    attachment #2: video (video/webm) ──────────────────────────────────────────────────────────────
    test-results/tests-home-首页-E2E-测试-应该处理网络错误-chromium/video.webm
    ────────────────────────────────────────────────────────────────────────────────────────────────

    Error Context: ../test-results/tests-home-首页-E2E-测试-应该处理网络错误-chromium/error-context.md
]]>
</failure>
<system-err>
<![CDATA[
Warning: attachment test-results/tests-home-首页-E2E-测试-应该处理网络错误-chromium/test-failed-1.png is missing
Warning: attachment test-results/tests-home-首页-E2E-测试-应该处理网络错误-chromium/video.webm is missing
Warning: attachment test-results/tests-home-首页-E2E-测试-应该处理网络错误-chromium/error-context.md is missing]]>
</system-err>
</testcase>
<testcase name="首页 E2E 测试 › 应该支持键盘导航" classname="tests/home.spec.ts" time="31.647">
<failure message="home.spec.ts:192:3 应该支持键盘导航" type="FAILURE">
<![CDATA[  [chromium] › tests/home.spec.ts:192:3 › 首页 E2E 测试 › 应该支持键盘导航 ─────────────────────────────────────

    Test timeout of 30000ms exceeded while running "beforeEach" hook.

       7 |   let helpers: TestHelpers;
       8 |
    >  9 |   test.beforeEach(async ({ page }) => {
         |        ^
      10 |     homePage = new HomePage(page);
      11 |     helpers = new TestHelpers(page);
      12 |     await homePage.goto();
        at /Users/zuodao/BLP/product-management-system/bjt-front/bjt-product-system/frontend/e2e/tests/home.spec.ts:9:8

    Error: page.waitForSelector: Test timeout of 30000ms exceeded.
    Call log:
      - waiting for locator('[data-testid="page-content"]') to be visible


       at utils/test-helpers.ts:14

      12 |   async waitForPageLoad(timeout = 30000) {
      13 |     await this.page.waitForLoadState('networkidle', { timeout });
    > 14 |     await this.page.waitForSelector('[data-testid="page-content"]', { timeout });
         |                     ^
      15 |   }
      16 |
      17 |   /**
        at TestHelpers.waitForPageLoad (/Users/zuodao/BLP/product-management-system/bjt-front/bjt-product-system/frontend/e2e/utils/test-helpers.ts:14:21)
        at HomePage.goto (/Users/zuodao/BLP/product-management-system/bjt-front/bjt-product-system/frontend/e2e/pages/HomePage.ts:39:5)
        at /Users/zuodao/BLP/product-management-system/bjt-front/bjt-product-system/frontend/e2e/tests/home.spec.ts:12:5

    attachment #1: screenshot (image/png) ──────────────────────────────────────────────────────────
    test-results/tests-home-首页-E2E-测试-应该支持键盘导航-chromium/test-failed-1.png
    ────────────────────────────────────────────────────────────────────────────────────────────────

    attachment #2: video (video/webm) ──────────────────────────────────────────────────────────────
    test-results/tests-home-首页-E2E-测试-应该支持键盘导航-chromium/video.webm
    ────────────────────────────────────────────────────────────────────────────────────────────────

    Error Context: ../test-results/tests-home-首页-E2E-测试-应该支持键盘导航-chromium/error-context.md
]]>
</failure>
<system-err>
<![CDATA[
Warning: attachment test-results/tests-home-首页-E2E-测试-应该支持键盘导航-chromium/test-failed-1.png is missing
Warning: attachment test-results/tests-home-首页-E2E-测试-应该支持键盘导航-chromium/video.webm is missing
Warning: attachment test-results/tests-home-首页-E2E-测试-应该支持键盘导航-chromium/error-context.md is missing]]>
</system-err>
</testcase>
</testsuite>
<testsuite name="tests/machines.spec.ts" timestamp="2025-05-23T12:26:34.558Z" hostname="chromium" tests="15" failures="15" skipped="0" time="471.401" errors="0">
<testcase name="机器页面 E2E 测试 › 应该正确加载机器页面" classname="tests/machines.spec.ts" time="31.995">
<failure message="machines.spec.ts:15:3 应该正确加载机器页面" type="FAILURE">
<![CDATA[  [chromium] › tests/machines.spec.ts:15:3 › 机器页面 E2E 测试 › 应该正确加载机器页面 ──────────────────────────────

    Test timeout of 30000ms exceeded while running "beforeEach" hook.

       7 |   let helpers: TestHelpers;
       8 |
    >  9 |   test.beforeEach(async ({ page }) => {
         |        ^
      10 |     machinesPage = new MachinesPage(page);
      11 |     helpers = new TestHelpers(page);
      12 |     await machinesPage.goto();
        at /Users/zuodao/BLP/product-management-system/bjt-front/bjt-product-system/frontend/e2e/tests/machines.spec.ts:9:8

    Error: page.waitForSelector: Test timeout of 30000ms exceeded.
    Call log:
      - waiting for locator('[data-testid="page-content"]') to be visible


       at utils/test-helpers.ts:14

      12 |   async waitForPageLoad(timeout = 30000) {
      13 |     await this.page.waitForLoadState('networkidle', { timeout });
    > 14 |     await this.page.waitForSelector('[data-testid="page-content"]', { timeout });
         |                     ^
      15 |   }
      16 |
      17 |   /**
        at TestHelpers.waitForPageLoad (/Users/zuodao/BLP/product-management-system/bjt-front/bjt-product-system/frontend/e2e/utils/test-helpers.ts:14:21)
        at MachinesPage.goto (/Users/zuodao/BLP/product-management-system/bjt-front/bjt-product-system/frontend/e2e/pages/MachinesPage.ts:43:5)
        at /Users/zuodao/BLP/product-management-system/bjt-front/bjt-product-system/frontend/e2e/tests/machines.spec.ts:12:5

    attachment #1: screenshot (image/png) ──────────────────────────────────────────────────────────
    test-results/tests-machines-机器页面-E2E-测试-应该正确加载机器页面-chromium/test-failed-1.png
    ────────────────────────────────────────────────────────────────────────────────────────────────

    attachment #2: video (video/webm) ──────────────────────────────────────────────────────────────
    test-results/tests-machines-机器页面-E2E-测试-应该正确加载机器页面-chromium/video.webm
    ────────────────────────────────────────────────────────────────────────────────────────────────

    Error Context: ../test-results/tests-machines-机器页面-E2E-测试-应该正确加载机器页面-chromium/error-context.md
]]>
</failure>
<system-err>
<![CDATA[
Warning: attachment test-results/tests-machines-机器页面-E2E-测试-应该正确加载机器页面-chromium/test-failed-1.png is missing
Warning: attachment test-results/tests-machines-机器页面-E2E-测试-应该正确加载机器页面-chromium/video.webm is missing
Warning: attachment test-results/tests-machines-机器页面-E2E-测试-应该正确加载机器页面-chromium/error-context.md is missing]]>
</system-err>
</testcase>
<testcase name="机器页面 E2E 测试 › 应该显示机器卡片列表" classname="tests/machines.spec.ts" time="31.924">
<failure message="machines.spec.ts:28:3 应该显示机器卡片列表" type="FAILURE">
<![CDATA[  [chromium] › tests/machines.spec.ts:28:3 › 机器页面 E2E 测试 › 应该显示机器卡片列表 ──────────────────────────────

    Test timeout of 30000ms exceeded while running "beforeEach" hook.

       7 |   let helpers: TestHelpers;
       8 |
    >  9 |   test.beforeEach(async ({ page }) => {
         |        ^
      10 |     machinesPage = new MachinesPage(page);
      11 |     helpers = new TestHelpers(page);
      12 |     await machinesPage.goto();
        at /Users/zuodao/BLP/product-management-system/bjt-front/bjt-product-system/frontend/e2e/tests/machines.spec.ts:9:8

    Error: page.waitForSelector: Test timeout of 30000ms exceeded.
    Call log:
      - waiting for locator('[data-testid="page-content"]') to be visible


       at utils/test-helpers.ts:14

      12 |   async waitForPageLoad(timeout = 30000) {
      13 |     await this.page.waitForLoadState('networkidle', { timeout });
    > 14 |     await this.page.waitForSelector('[data-testid="page-content"]', { timeout });
         |                     ^
      15 |   }
      16 |
      17 |   /**
        at TestHelpers.waitForPageLoad (/Users/zuodao/BLP/product-management-system/bjt-front/bjt-product-system/frontend/e2e/utils/test-helpers.ts:14:21)
        at MachinesPage.goto (/Users/zuodao/BLP/product-management-system/bjt-front/bjt-product-system/frontend/e2e/pages/MachinesPage.ts:43:5)
        at /Users/zuodao/BLP/product-management-system/bjt-front/bjt-product-system/frontend/e2e/tests/machines.spec.ts:12:5

    attachment #1: screenshot (image/png) ──────────────────────────────────────────────────────────
    test-results/tests-machines-机器页面-E2E-测试-应该显示机器卡片列表-chromium/test-failed-1.png
    ────────────────────────────────────────────────────────────────────────────────────────────────

    attachment #2: video (video/webm) ──────────────────────────────────────────────────────────────
    test-results/tests-machines-机器页面-E2E-测试-应该显示机器卡片列表-chromium/video.webm
    ────────────────────────────────────────────────────────────────────────────────────────────────

    Error Context: ../test-results/tests-machines-机器页面-E2E-测试-应该显示机器卡片列表-chromium/error-context.md
]]>
</failure>
<system-err>
<![CDATA[
Warning: attachment test-results/tests-machines-机器页面-E2E-测试-应该显示机器卡片列表-chromium/test-failed-1.png is missing
Warning: attachment test-results/tests-machines-机器页面-E2E-测试-应该显示机器卡片列表-chromium/video.webm is missing
Warning: attachment test-results/tests-machines-机器页面-E2E-测试-应该显示机器卡片列表-chromium/error-context.md is missing]]>
</system-err>
</testcase>
<testcase name="机器页面 E2E 测试 › 应该支持分类筛选" classname="tests/machines.spec.ts" time="31.967">
<failure message="machines.spec.ts:39:3 应该支持分类筛选" type="FAILURE">
<![CDATA[  [chromium] › tests/machines.spec.ts:39:3 › 机器页面 E2E 测试 › 应该支持分类筛选 ────────────────────────────────

    Test timeout of 30000ms exceeded while running "beforeEach" hook.

       7 |   let helpers: TestHelpers;
       8 |
    >  9 |   test.beforeEach(async ({ page }) => {
         |        ^
      10 |     machinesPage = new MachinesPage(page);
      11 |     helpers = new TestHelpers(page);
      12 |     await machinesPage.goto();
        at /Users/zuodao/BLP/product-management-system/bjt-front/bjt-product-system/frontend/e2e/tests/machines.spec.ts:9:8

    Error: page.waitForSelector: Test timeout of 30000ms exceeded.
    Call log:
      - waiting for locator('[data-testid="page-content"]') to be visible


       at utils/test-helpers.ts:14

      12 |   async waitForPageLoad(timeout = 30000) {
      13 |     await this.page.waitForLoadState('networkidle', { timeout });
    > 14 |     await this.page.waitForSelector('[data-testid="page-content"]', { timeout });
         |                     ^
      15 |   }
      16 |
      17 |   /**
        at TestHelpers.waitForPageLoad (/Users/zuodao/BLP/product-management-system/bjt-front/bjt-product-system/frontend/e2e/utils/test-helpers.ts:14:21)
        at MachinesPage.goto (/Users/zuodao/BLP/product-management-system/bjt-front/bjt-product-system/frontend/e2e/pages/MachinesPage.ts:43:5)
        at /Users/zuodao/BLP/product-management-system/bjt-front/bjt-product-system/frontend/e2e/tests/machines.spec.ts:12:5

    attachment #1: screenshot (image/png) ──────────────────────────────────────────────────────────
    test-results/tests-machines-机器页面-E2E-测试-应该支持分类筛选-chromium/test-failed-1.png
    ────────────────────────────────────────────────────────────────────────────────────────────────

    attachment #2: video (video/webm) ──────────────────────────────────────────────────────────────
    test-results/tests-machines-机器页面-E2E-测试-应该支持分类筛选-chromium/video.webm
    ────────────────────────────────────────────────────────────────────────────────────────────────

    Error Context: ../test-results/tests-machines-机器页面-E2E-测试-应该支持分类筛选-chromium/error-context.md
]]>
</failure>
<system-err>
<![CDATA[
Warning: attachment test-results/tests-machines-机器页面-E2E-测试-应该支持分类筛选-chromium/test-failed-1.png is missing
Warning: attachment test-results/tests-machines-机器页面-E2E-测试-应该支持分类筛选-chromium/video.webm is missing
Warning: attachment test-results/tests-machines-机器页面-E2E-测试-应该支持分类筛选-chromium/error-context.md is missing]]>
</system-err>
</testcase>
<testcase name="机器页面 E2E 测试 › 应该支持搜索功能" classname="tests/machines.spec.ts" time="30.986">
<failure message="machines.spec.ts:55:3 应该支持搜索功能" type="FAILURE">
<![CDATA[  [chromium] › tests/machines.spec.ts:55:3 › 机器页面 E2E 测试 › 应该支持搜索功能 ────────────────────────────────

    Test timeout of 30000ms exceeded while running "beforeEach" hook.

       7 |   let helpers: TestHelpers;
       8 |
    >  9 |   test.beforeEach(async ({ page }) => {
         |        ^
      10 |     machinesPage = new MachinesPage(page);
      11 |     helpers = new TestHelpers(page);
      12 |     await machinesPage.goto();
        at /Users/zuodao/BLP/product-management-system/bjt-front/bjt-product-system/frontend/e2e/tests/machines.spec.ts:9:8

    Error: page.waitForSelector: Test timeout of 30000ms exceeded.
    Call log:
      - waiting for locator('[data-testid="page-content"]') to be visible


       at utils/test-helpers.ts:14

      12 |   async waitForPageLoad(timeout = 30000) {
      13 |     await this.page.waitForLoadState('networkidle', { timeout });
    > 14 |     await this.page.waitForSelector('[data-testid="page-content"]', { timeout });
         |                     ^
      15 |   }
      16 |
      17 |   /**
        at TestHelpers.waitForPageLoad (/Users/zuodao/BLP/product-management-system/bjt-front/bjt-product-system/frontend/e2e/utils/test-helpers.ts:14:21)
        at MachinesPage.goto (/Users/zuodao/BLP/product-management-system/bjt-front/bjt-product-system/frontend/e2e/pages/MachinesPage.ts:43:5)
        at /Users/zuodao/BLP/product-management-system/bjt-front/bjt-product-system/frontend/e2e/tests/machines.spec.ts:12:5

    attachment #1: screenshot (image/png) ──────────────────────────────────────────────────────────
    test-results/tests-machines-机器页面-E2E-测试-应该支持搜索功能-chromium/test-failed-1.png
    ────────────────────────────────────────────────────────────────────────────────────────────────

    attachment #2: video (video/webm) ──────────────────────────────────────────────────────────────
    test-results/tests-machines-机器页面-E2E-测试-应该支持搜索功能-chromium/video.webm
    ────────────────────────────────────────────────────────────────────────────────────────────────

    Error Context: ../test-results/tests-machines-机器页面-E2E-测试-应该支持搜索功能-chromium/error-context.md
]]>
</failure>
<system-err>
<![CDATA[
Warning: attachment test-results/tests-machines-机器页面-E2E-测试-应该支持搜索功能-chromium/test-failed-1.png is missing
Warning: attachment test-results/tests-machines-机器页面-E2E-测试-应该支持搜索功能-chromium/video.webm is missing
Warning: attachment test-results/tests-machines-机器页面-E2E-测试-应该支持搜索功能-chromium/error-context.md is missing]]>
</system-err>
</testcase>
<testcase name="机器页面 E2E 测试 › 应该支持排序功能" classname="tests/machines.spec.ts" time="31.078">
<failure message="machines.spec.ts:72:3 应该支持排序功能" type="FAILURE">
<![CDATA[  [chromium] › tests/machines.spec.ts:72:3 › 机器页面 E2E 测试 › 应该支持排序功能 ────────────────────────────────

    Test timeout of 30000ms exceeded while running "beforeEach" hook.

       7 |   let helpers: TestHelpers;
       8 |
    >  9 |   test.beforeEach(async ({ page }) => {
         |        ^
      10 |     machinesPage = new MachinesPage(page);
      11 |     helpers = new TestHelpers(page);
      12 |     await machinesPage.goto();
        at /Users/zuodao/BLP/product-management-system/bjt-front/bjt-product-system/frontend/e2e/tests/machines.spec.ts:9:8

    Error: page.waitForSelector: Test timeout of 30000ms exceeded.
    Call log:
      - waiting for locator('[data-testid="page-content"]') to be visible


       at utils/test-helpers.ts:14

      12 |   async waitForPageLoad(timeout = 30000) {
      13 |     await this.page.waitForLoadState('networkidle', { timeout });
    > 14 |     await this.page.waitForSelector('[data-testid="page-content"]', { timeout });
         |                     ^
      15 |   }
      16 |
      17 |   /**
        at TestHelpers.waitForPageLoad (/Users/zuodao/BLP/product-management-system/bjt-front/bjt-product-system/frontend/e2e/utils/test-helpers.ts:14:21)
        at MachinesPage.goto (/Users/zuodao/BLP/product-management-system/bjt-front/bjt-product-system/frontend/e2e/pages/MachinesPage.ts:43:5)
        at /Users/zuodao/BLP/product-management-system/bjt-front/bjt-product-system/frontend/e2e/tests/machines.spec.ts:12:5

    attachment #1: screenshot (image/png) ──────────────────────────────────────────────────────────
    test-results/tests-machines-机器页面-E2E-测试-应该支持排序功能-chromium/test-failed-1.png
    ────────────────────────────────────────────────────────────────────────────────────────────────

    attachment #2: video (video/webm) ──────────────────────────────────────────────────────────────
    test-results/tests-machines-机器页面-E2E-测试-应该支持排序功能-chromium/video.webm
    ────────────────────────────────────────────────────────────────────────────────────────────────

    Error Context: ../test-results/tests-machines-机器页面-E2E-测试-应该支持排序功能-chromium/error-context.md
]]>
</failure>
<system-err>
<![CDATA[
Warning: attachment test-results/tests-machines-机器页面-E2E-测试-应该支持排序功能-chromium/test-failed-1.png is missing
Warning: attachment test-results/tests-machines-机器页面-E2E-测试-应该支持排序功能-chromium/video.webm is missing
Warning: attachment test-results/tests-machines-机器页面-E2E-测试-应该支持排序功能-chromium/error-context.md is missing]]>
</system-err>
</testcase>
<testcase name="机器页面 E2E 测试 › 应该支持视图模式切换" classname="tests/machines.spec.ts" time="31.415">
<failure message="machines.spec.ts:90:3 应该支持视图模式切换" type="FAILURE">
<![CDATA[  [chromium] › tests/machines.spec.ts:90:3 › 机器页面 E2E 测试 › 应该支持视图模式切换 ──────────────────────────────

    Test timeout of 30000ms exceeded while running "beforeEach" hook.

       7 |   let helpers: TestHelpers;
       8 |
    >  9 |   test.beforeEach(async ({ page }) => {
         |        ^
      10 |     machinesPage = new MachinesPage(page);
      11 |     helpers = new TestHelpers(page);
      12 |     await machinesPage.goto();
        at /Users/zuodao/BLP/product-management-system/bjt-front/bjt-product-system/frontend/e2e/tests/machines.spec.ts:9:8

    Error: page.waitForSelector: Test timeout of 30000ms exceeded.
    Call log:
      - waiting for locator('[data-testid="page-content"]') to be visible


       at utils/test-helpers.ts:14

      12 |   async waitForPageLoad(timeout = 30000) {
      13 |     await this.page.waitForLoadState('networkidle', { timeout });
    > 14 |     await this.page.waitForSelector('[data-testid="page-content"]', { timeout });
         |                     ^
      15 |   }
      16 |
      17 |   /**
        at TestHelpers.waitForPageLoad (/Users/zuodao/BLP/product-management-system/bjt-front/bjt-product-system/frontend/e2e/utils/test-helpers.ts:14:21)
        at MachinesPage.goto (/Users/zuodao/BLP/product-management-system/bjt-front/bjt-product-system/frontend/e2e/pages/MachinesPage.ts:43:5)
        at /Users/zuodao/BLP/product-management-system/bjt-front/bjt-product-system/frontend/e2e/tests/machines.spec.ts:12:5

    attachment #1: screenshot (image/png) ──────────────────────────────────────────────────────────
    test-results/tests-machines-机器页面-E2E-测试-应该支持视图模式切换-chromium/test-failed-1.png
    ────────────────────────────────────────────────────────────────────────────────────────────────

    attachment #2: video (video/webm) ──────────────────────────────────────────────────────────────
    test-results/tests-machines-机器页面-E2E-测试-应该支持视图模式切换-chromium/video.webm
    ────────────────────────────────────────────────────────────────────────────────────────────────

    Error Context: ../test-results/tests-machines-机器页面-E2E-测试-应该支持视图模式切换-chromium/error-context.md
]]>
</failure>
<system-err>
<![CDATA[
Warning: attachment test-results/tests-machines-机器页面-E2E-测试-应该支持视图模式切换-chromium/test-failed-1.png is missing
Warning: attachment test-results/tests-machines-机器页面-E2E-测试-应该支持视图模式切换-chromium/video.webm is missing
Warning: attachment test-results/tests-machines-机器页面-E2E-测试-应该支持视图模式切换-chromium/error-context.md is missing]]>
</system-err>
</testcase>
<testcase name="机器页面 E2E 测试 › 应该支持电压筛选" classname="tests/machines.spec.ts" time="31.091">
<failure message="machines.spec.ts:108:3 应该支持电压筛选" type="FAILURE">
<![CDATA[  [chromium] › tests/machines.spec.ts:108:3 › 机器页面 E2E 测试 › 应该支持电压筛选 ───────────────────────────────

    Test timeout of 30000ms exceeded while running "beforeEach" hook.

       7 |   let helpers: TestHelpers;
       8 |
    >  9 |   test.beforeEach(async ({ page }) => {
         |        ^
      10 |     machinesPage = new MachinesPage(page);
      11 |     helpers = new TestHelpers(page);
      12 |     await machinesPage.goto();
        at /Users/zuodao/BLP/product-management-system/bjt-front/bjt-product-system/frontend/e2e/tests/machines.spec.ts:9:8

    Error: page.waitForSelector: Test timeout of 30000ms exceeded.
    Call log:
      - waiting for locator('[data-testid="page-content"]') to be visible


       at utils/test-helpers.ts:14

      12 |   async waitForPageLoad(timeout = 30000) {
      13 |     await this.page.waitForLoadState('networkidle', { timeout });
    > 14 |     await this.page.waitForSelector('[data-testid="page-content"]', { timeout });
         |                     ^
      15 |   }
      16 |
      17 |   /**
        at TestHelpers.waitForPageLoad (/Users/zuodao/BLP/product-management-system/bjt-front/bjt-product-system/frontend/e2e/utils/test-helpers.ts:14:21)
        at MachinesPage.goto (/Users/zuodao/BLP/product-management-system/bjt-front/bjt-product-system/frontend/e2e/pages/MachinesPage.ts:43:5)
        at /Users/zuodao/BLP/product-management-system/bjt-front/bjt-product-system/frontend/e2e/tests/machines.spec.ts:12:5

    attachment #1: screenshot (image/png) ──────────────────────────────────────────────────────────
    test-results/tests-machines-机器页面-E2E-测试-应该支持电压筛选-chromium/test-failed-1.png
    ────────────────────────────────────────────────────────────────────────────────────────────────

    attachment #2: video (video/webm) ──────────────────────────────────────────────────────────────
    test-results/tests-machines-机器页面-E2E-测试-应该支持电压筛选-chromium/video.webm
    ────────────────────────────────────────────────────────────────────────────────────────────────

    Error Context: ../test-results/tests-machines-机器页面-E2E-测试-应该支持电压筛选-chromium/error-context.md
]]>
</failure>
<system-err>
<![CDATA[
Warning: attachment test-results/tests-machines-机器页面-E2E-测试-应该支持电压筛选-chromium/test-failed-1.png is missing
Warning: attachment test-results/tests-machines-机器页面-E2E-测试-应该支持电压筛选-chromium/video.webm is missing
Warning: attachment test-results/tests-machines-机器页面-E2E-测试-应该支持电压筛选-chromium/error-context.md is missing]]>
</system-err>
</testcase>
<testcase name="机器页面 E2E 测试 › 应该支持分页导航" classname="tests/machines.spec.ts" time="30.93">
<failure message="machines.spec.ts:121:3 应该支持分页导航" type="FAILURE">
<![CDATA[  [chromium] › tests/machines.spec.ts:121:3 › 机器页面 E2E 测试 › 应该支持分页导航 ───────────────────────────────

    Test timeout of 30000ms exceeded while running "beforeEach" hook.

       7 |   let helpers: TestHelpers;
       8 |
    >  9 |   test.beforeEach(async ({ page }) => {
         |        ^
      10 |     machinesPage = new MachinesPage(page);
      11 |     helpers = new TestHelpers(page);
      12 |     await machinesPage.goto();
        at /Users/zuodao/BLP/product-management-system/bjt-front/bjt-product-system/frontend/e2e/tests/machines.spec.ts:9:8

    Error: page.waitForSelector: Test timeout of 30000ms exceeded.
    Call log:
      - waiting for locator('[data-testid="page-content"]') to be visible


       at utils/test-helpers.ts:14

      12 |   async waitForPageLoad(timeout = 30000) {
      13 |     await this.page.waitForLoadState('networkidle', { timeout });
    > 14 |     await this.page.waitForSelector('[data-testid="page-content"]', { timeout });
         |                     ^
      15 |   }
      16 |
      17 |   /**
        at TestHelpers.waitForPageLoad (/Users/zuodao/BLP/product-management-system/bjt-front/bjt-product-system/frontend/e2e/utils/test-helpers.ts:14:21)
        at MachinesPage.goto (/Users/zuodao/BLP/product-management-system/bjt-front/bjt-product-system/frontend/e2e/pages/MachinesPage.ts:43:5)
        at /Users/zuodao/BLP/product-management-system/bjt-front/bjt-product-system/frontend/e2e/tests/machines.spec.ts:12:5

    attachment #1: screenshot (image/png) ──────────────────────────────────────────────────────────
    test-results/tests-machines-机器页面-E2E-测试-应该支持分页导航-chromium/test-failed-1.png
    ────────────────────────────────────────────────────────────────────────────────────────────────

    attachment #2: video (video/webm) ──────────────────────────────────────────────────────────────
    test-results/tests-machines-机器页面-E2E-测试-应该支持分页导航-chromium/video.webm
    ────────────────────────────────────────────────────────────────────────────────────────────────

    Error Context: ../test-results/tests-machines-机器页面-E2E-测试-应该支持分页导航-chromium/error-context.md
]]>
</failure>
<system-err>
<![CDATA[
Warning: attachment test-results/tests-machines-机器页面-E2E-测试-应该支持分页导航-chromium/test-failed-1.png is missing
Warning: attachment test-results/tests-machines-机器页面-E2E-测试-应该支持分页导航-chromium/video.webm is missing
Warning: attachment test-results/tests-machines-机器页面-E2E-测试-应该支持分页导航-chromium/error-context.md is missing]]>
</system-err>
</testcase>
<testcase name="机器页面 E2E 测试 › 应该支持查看机器详情" classname="tests/machines.spec.ts" time="31.087">
<failure message="machines.spec.ts:140:3 应该支持查看机器详情" type="FAILURE">
<![CDATA[  [chromium] › tests/machines.spec.ts:140:3 › 机器页面 E2E 测试 › 应该支持查看机器详情 ─────────────────────────────

    Test timeout of 30000ms exceeded while running "beforeEach" hook.

       7 |   let helpers: TestHelpers;
       8 |
    >  9 |   test.beforeEach(async ({ page }) => {
         |        ^
      10 |     machinesPage = new MachinesPage(page);
      11 |     helpers = new TestHelpers(page);
      12 |     await machinesPage.goto();
        at /Users/zuodao/BLP/product-management-system/bjt-front/bjt-product-system/frontend/e2e/tests/machines.spec.ts:9:8

    Error: page.waitForSelector: Test timeout of 30000ms exceeded.
    Call log:
      - waiting for locator('[data-testid="page-content"]') to be visible


       at utils/test-helpers.ts:14

      12 |   async waitForPageLoad(timeout = 30000) {
      13 |     await this.page.waitForLoadState('networkidle', { timeout });
    > 14 |     await this.page.waitForSelector('[data-testid="page-content"]', { timeout });
         |                     ^
      15 |   }
      16 |
      17 |   /**
        at TestHelpers.waitForPageLoad (/Users/zuodao/BLP/product-management-system/bjt-front/bjt-product-system/frontend/e2e/utils/test-helpers.ts:14:21)
        at MachinesPage.goto (/Users/zuodao/BLP/product-management-system/bjt-front/bjt-product-system/frontend/e2e/pages/MachinesPage.ts:43:5)
        at /Users/zuodao/BLP/product-management-system/bjt-front/bjt-product-system/frontend/e2e/tests/machines.spec.ts:12:5

    attachment #1: screenshot (image/png) ──────────────────────────────────────────────────────────
    test-results/tests-machines-机器页面-E2E-测试-应该支持查看机器详情-chromium/test-failed-1.png
    ────────────────────────────────────────────────────────────────────────────────────────────────

    attachment #2: video (video/webm) ──────────────────────────────────────────────────────────────
    test-results/tests-machines-机器页面-E2E-测试-应该支持查看机器详情-chromium/video.webm
    ────────────────────────────────────────────────────────────────────────────────────────────────

    Error Context: ../test-results/tests-machines-机器页面-E2E-测试-应该支持查看机器详情-chromium/error-context.md
]]>
</failure>
<system-err>
<![CDATA[
Warning: attachment test-results/tests-machines-机器页面-E2E-测试-应该支持查看机器详情-chromium/test-failed-1.png is missing
Warning: attachment test-results/tests-machines-机器页面-E2E-测试-应该支持查看机器详情-chromium/video.webm is missing
Warning: attachment test-results/tests-machines-机器页面-E2E-测试-应该支持查看机器详情-chromium/error-context.md is missing]]>
</system-err>
</testcase>
<testcase name="机器页面 E2E 测试 › 应该支持添加到购物车" classname="tests/machines.spec.ts" time="31.494">
<failure message="machines.spec.ts:158:3 应该支持添加到购物车" type="FAILURE">
<![CDATA[  [chromium] › tests/machines.spec.ts:158:3 › 机器页面 E2E 测试 › 应该支持添加到购物车 ─────────────────────────────

    Test timeout of 30000ms exceeded while running "beforeEach" hook.

       7 |   let helpers: TestHelpers;
       8 |
    >  9 |   test.beforeEach(async ({ page }) => {
         |        ^
      10 |     machinesPage = new MachinesPage(page);
      11 |     helpers = new TestHelpers(page);
      12 |     await machinesPage.goto();
        at /Users/zuodao/BLP/product-management-system/bjt-front/bjt-product-system/frontend/e2e/tests/machines.spec.ts:9:8

    Error: page.waitForSelector: Test timeout of 30000ms exceeded.
    Call log:
      - waiting for locator('[data-testid="page-content"]') to be visible


       at utils/test-helpers.ts:14

      12 |   async waitForPageLoad(timeout = 30000) {
      13 |     await this.page.waitForLoadState('networkidle', { timeout });
    > 14 |     await this.page.waitForSelector('[data-testid="page-content"]', { timeout });
         |                     ^
      15 |   }
      16 |
      17 |   /**
        at TestHelpers.waitForPageLoad (/Users/zuodao/BLP/product-management-system/bjt-front/bjt-product-system/frontend/e2e/utils/test-helpers.ts:14:21)
        at MachinesPage.goto (/Users/zuodao/BLP/product-management-system/bjt-front/bjt-product-system/frontend/e2e/pages/MachinesPage.ts:43:5)
        at /Users/zuodao/BLP/product-management-system/bjt-front/bjt-product-system/frontend/e2e/tests/machines.spec.ts:12:5

    attachment #1: screenshot (image/png) ──────────────────────────────────────────────────────────
    test-results/tests-machines-机器页面-E2E-测试-应该支持添加到购物车-chromium/test-failed-1.png
    ────────────────────────────────────────────────────────────────────────────────────────────────

    attachment #2: video (video/webm) ──────────────────────────────────────────────────────────────
    test-results/tests-machines-机器页面-E2E-测试-应该支持添加到购物车-chromium/video.webm
    ────────────────────────────────────────────────────────────────────────────────────────────────

    Error Context: ../test-results/tests-machines-机器页面-E2E-测试-应该支持添加到购物车-chromium/error-context.md
]]>
</failure>
<system-err>
<![CDATA[
Warning: attachment test-results/tests-machines-机器页面-E2E-测试-应该支持添加到购物车-chromium/test-failed-1.png is missing
Warning: attachment test-results/tests-machines-机器页面-E2E-测试-应该支持添加到购物车-chromium/video.webm is missing
Warning: attachment test-results/tests-machines-机器页面-E2E-测试-应该支持添加到购物车-chromium/error-context.md is missing]]>
</system-err>
</testcase>
<testcase name="机器页面 E2E 测试 › 应该处理无搜索结果" classname="tests/machines.spec.ts" time="31.27">
<failure message="machines.spec.ts:175:3 应该处理无搜索结果" type="FAILURE">
<![CDATA[  [chromium] › tests/machines.spec.ts:175:3 › 机器页面 E2E 测试 › 应该处理无搜索结果 ──────────────────────────────

    Test timeout of 30000ms exceeded while running "beforeEach" hook.

       7 |   let helpers: TestHelpers;
       8 |
    >  9 |   test.beforeEach(async ({ page }) => {
         |        ^
      10 |     machinesPage = new MachinesPage(page);
      11 |     helpers = new TestHelpers(page);
      12 |     await machinesPage.goto();
        at /Users/zuodao/BLP/product-management-system/bjt-front/bjt-product-system/frontend/e2e/tests/machines.spec.ts:9:8

    Error: page.waitForSelector: Test timeout of 30000ms exceeded.
    Call log:
      - waiting for locator('[data-testid="page-content"]') to be visible


       at utils/test-helpers.ts:14

      12 |   async waitForPageLoad(timeout = 30000) {
      13 |     await this.page.waitForLoadState('networkidle', { timeout });
    > 14 |     await this.page.waitForSelector('[data-testid="page-content"]', { timeout });
         |                     ^
      15 |   }
      16 |
      17 |   /**
        at TestHelpers.waitForPageLoad (/Users/zuodao/BLP/product-management-system/bjt-front/bjt-product-system/frontend/e2e/utils/test-helpers.ts:14:21)
        at MachinesPage.goto (/Users/zuodao/BLP/product-management-system/bjt-front/bjt-product-system/frontend/e2e/pages/MachinesPage.ts:43:5)
        at /Users/zuodao/BLP/product-management-system/bjt-front/bjt-product-system/frontend/e2e/tests/machines.spec.ts:12:5

    attachment #1: screenshot (image/png) ──────────────────────────────────────────────────────────
    test-results/tests-machines-机器页面-E2E-测试-应该处理无搜索结果-chromium/test-failed-1.png
    ────────────────────────────────────────────────────────────────────────────────────────────────

    attachment #2: video (video/webm) ──────────────────────────────────────────────────────────────
    test-results/tests-machines-机器页面-E2E-测试-应该处理无搜索结果-chromium/video.webm
    ────────────────────────────────────────────────────────────────────────────────────────────────

    Error Context: ../test-results/tests-machines-机器页面-E2E-测试-应该处理无搜索结果-chromium/error-context.md
]]>
</failure>
<system-err>
<![CDATA[
Warning: attachment test-results/tests-machines-机器页面-E2E-测试-应该处理无搜索结果-chromium/test-failed-1.png is missing
Warning: attachment test-results/tests-machines-机器页面-E2E-测试-应该处理无搜索结果-chromium/video.webm is missing
Warning: attachment test-results/tests-machines-机器页面-E2E-测试-应该处理无搜索结果-chromium/error-context.md is missing]]>
</system-err>
</testcase>
<testcase name="机器页面 E2E 测试 › 应该支持清除筛选" classname="tests/machines.spec.ts" time="30.865">
<failure message="machines.spec.ts:186:3 应该支持清除筛选" type="FAILURE">
<![CDATA[  [chromium] › tests/machines.spec.ts:186:3 › 机器页面 E2E 测试 › 应该支持清除筛选 ───────────────────────────────

    Test timeout of 30000ms exceeded while running "beforeEach" hook.

       7 |   let helpers: TestHelpers;
       8 |
    >  9 |   test.beforeEach(async ({ page }) => {
         |        ^
      10 |     machinesPage = new MachinesPage(page);
      11 |     helpers = new TestHelpers(page);
      12 |     await machinesPage.goto();
        at /Users/zuodao/BLP/product-management-system/bjt-front/bjt-product-system/frontend/e2e/tests/machines.spec.ts:9:8

    Error: page.waitForSelector: Test timeout of 30000ms exceeded.
    Call log:
      - waiting for locator('[data-testid="page-content"]') to be visible


       at utils/test-helpers.ts:14

      12 |   async waitForPageLoad(timeout = 30000) {
      13 |     await this.page.waitForLoadState('networkidle', { timeout });
    > 14 |     await this.page.waitForSelector('[data-testid="page-content"]', { timeout });
         |                     ^
      15 |   }
      16 |
      17 |   /**
        at TestHelpers.waitForPageLoad (/Users/zuodao/BLP/product-management-system/bjt-front/bjt-product-system/frontend/e2e/utils/test-helpers.ts:14:21)
        at MachinesPage.goto (/Users/zuodao/BLP/product-management-system/bjt-front/bjt-product-system/frontend/e2e/pages/MachinesPage.ts:43:5)
        at /Users/zuodao/BLP/product-management-system/bjt-front/bjt-product-system/frontend/e2e/tests/machines.spec.ts:12:5

    attachment #1: screenshot (image/png) ──────────────────────────────────────────────────────────
    test-results/tests-machines-机器页面-E2E-测试-应该支持清除筛选-chromium/test-failed-1.png
    ────────────────────────────────────────────────────────────────────────────────────────────────

    attachment #2: video (video/webm) ──────────────────────────────────────────────────────────────
    test-results/tests-machines-机器页面-E2E-测试-应该支持清除筛选-chromium/video.webm
    ────────────────────────────────────────────────────────────────────────────────────────────────

    Error Context: ../test-results/tests-machines-机器页面-E2E-测试-应该支持清除筛选-chromium/error-context.md
]]>
</failure>
<system-err>
<![CDATA[
Warning: attachment test-results/tests-machines-机器页面-E2E-测试-应该支持清除筛选-chromium/test-failed-1.png is missing
Warning: attachment test-results/tests-machines-机器页面-E2E-测试-应该支持清除筛选-chromium/video.webm is missing
Warning: attachment test-results/tests-machines-机器页面-E2E-测试-应该支持清除筛选-chromium/error-context.md is missing]]>
</system-err>
</testcase>
<testcase name="机器页面 E2E 测试 › 应该支持响应式布局" classname="tests/machines.spec.ts" time="31.464">
<failure message="machines.spec.ts:201:3 应该支持响应式布局" type="FAILURE">
<![CDATA[  [chromium] › tests/machines.spec.ts:201:3 › 机器页面 E2E 测试 › 应该支持响应式布局 ──────────────────────────────

    Test timeout of 30000ms exceeded while running "beforeEach" hook.

       7 |   let helpers: TestHelpers;
       8 |
    >  9 |   test.beforeEach(async ({ page }) => {
         |        ^
      10 |     machinesPage = new MachinesPage(page);
      11 |     helpers = new TestHelpers(page);
      12 |     await machinesPage.goto();
        at /Users/zuodao/BLP/product-management-system/bjt-front/bjt-product-system/frontend/e2e/tests/machines.spec.ts:9:8

    Error: page.waitForSelector: Test timeout of 30000ms exceeded.
    Call log:
      - waiting for locator('[data-testid="page-content"]') to be visible


       at utils/test-helpers.ts:14

      12 |   async waitForPageLoad(timeout = 30000) {
      13 |     await this.page.waitForLoadState('networkidle', { timeout });
    > 14 |     await this.page.waitForSelector('[data-testid="page-content"]', { timeout });
         |                     ^
      15 |   }
      16 |
      17 |   /**
        at TestHelpers.waitForPageLoad (/Users/zuodao/BLP/product-management-system/bjt-front/bjt-product-system/frontend/e2e/utils/test-helpers.ts:14:21)
        at MachinesPage.goto (/Users/zuodao/BLP/product-management-system/bjt-front/bjt-product-system/frontend/e2e/pages/MachinesPage.ts:43:5)
        at /Users/zuodao/BLP/product-management-system/bjt-front/bjt-product-system/frontend/e2e/tests/machines.spec.ts:12:5

    attachment #1: screenshot (image/png) ──────────────────────────────────────────────────────────
    test-results/tests-machines-机器页面-E2E-测试-应该支持响应式布局-chromium/test-failed-1.png
    ────────────────────────────────────────────────────────────────────────────────────────────────

    attachment #2: video (video/webm) ──────────────────────────────────────────────────────────────
    test-results/tests-machines-机器页面-E2E-测试-应该支持响应式布局-chromium/video.webm
    ────────────────────────────────────────────────────────────────────────────────────────────────

    Error Context: ../test-results/tests-machines-机器页面-E2E-测试-应该支持响应式布局-chromium/error-context.md
]]>
</failure>
<system-err>
<![CDATA[
Warning: attachment test-results/tests-machines-机器页面-E2E-测试-应该支持响应式布局-chromium/test-failed-1.png is missing
Warning: attachment test-results/tests-machines-机器页面-E2E-测试-应该支持响应式布局-chromium/video.webm is missing
Warning: attachment test-results/tests-machines-机器页面-E2E-测试-应该支持响应式布局-chromium/error-context.md is missing]]>
</system-err>
</testcase>
<testcase name="机器页面 E2E 测试 › 应该显示加载状态" classname="tests/machines.spec.ts" time="32.008">
<failure message="machines.spec.ts:209:3 应该显示加载状态" type="FAILURE">
<![CDATA[  [chromium] › tests/machines.spec.ts:209:3 › 机器页面 E2E 测试 › 应该显示加载状态 ───────────────────────────────

    Test timeout of 30000ms exceeded while running "beforeEach" hook.

       7 |   let helpers: TestHelpers;
       8 |
    >  9 |   test.beforeEach(async ({ page }) => {
         |        ^
      10 |     machinesPage = new MachinesPage(page);
      11 |     helpers = new TestHelpers(page);
      12 |     await machinesPage.goto();
        at /Users/zuodao/BLP/product-management-system/bjt-front/bjt-product-system/frontend/e2e/tests/machines.spec.ts:9:8

    Error: page.waitForSelector: Test timeout of 30000ms exceeded.
    Call log:
      - waiting for locator('[data-testid="page-content"]') to be visible


       at utils/test-helpers.ts:14

      12 |   async waitForPageLoad(timeout = 30000) {
      13 |     await this.page.waitForLoadState('networkidle', { timeout });
    > 14 |     await this.page.waitForSelector('[data-testid="page-content"]', { timeout });
         |                     ^
      15 |   }
      16 |
      17 |   /**
        at TestHelpers.waitForPageLoad (/Users/zuodao/BLP/product-management-system/bjt-front/bjt-product-system/frontend/e2e/utils/test-helpers.ts:14:21)
        at MachinesPage.goto (/Users/zuodao/BLP/product-management-system/bjt-front/bjt-product-system/frontend/e2e/pages/MachinesPage.ts:43:5)
        at /Users/zuodao/BLP/product-management-system/bjt-front/bjt-product-system/frontend/e2e/tests/machines.spec.ts:12:5

    attachment #1: screenshot (image/png) ──────────────────────────────────────────────────────────
    test-results/tests-machines-机器页面-E2E-测试-应该显示加载状态-chromium/test-failed-1.png
    ────────────────────────────────────────────────────────────────────────────────────────────────

    attachment #2: video (video/webm) ──────────────────────────────────────────────────────────────
    test-results/tests-machines-机器页面-E2E-测试-应该显示加载状态-chromium/video.webm
    ────────────────────────────────────────────────────────────────────────────────────────────────

    Error Context: ../test-results/tests-machines-机器页面-E2E-测试-应该显示加载状态-chromium/error-context.md
]]>
</failure>
<system-err>
<![CDATA[
Warning: attachment test-results/tests-machines-机器页面-E2E-测试-应该显示加载状态-chromium/test-failed-1.png is missing
Warning: attachment test-results/tests-machines-机器页面-E2E-测试-应该显示加载状态-chromium/video.webm is missing
Warning: attachment test-results/tests-machines-机器页面-E2E-测试-应该显示加载状态-chromium/error-context.md is missing]]>
</system-err>
</testcase>
<testcase name="机器页面 E2E 测试 › 应该处理网络错误" classname="tests/machines.spec.ts" time="31.827">
<failure message="machines.spec.ts:225:3 应该处理网络错误" type="FAILURE">
<![CDATA[  [chromium] › tests/machines.spec.ts:225:3 › 机器页面 E2E 测试 › 应该处理网络错误 ───────────────────────────────

    Test timeout of 30000ms exceeded while running "beforeEach" hook.

       7 |   let helpers: TestHelpers;
       8 |
    >  9 |   test.beforeEach(async ({ page }) => {
         |        ^
      10 |     machinesPage = new MachinesPage(page);
      11 |     helpers = new TestHelpers(page);
      12 |     await machinesPage.goto();
        at /Users/zuodao/BLP/product-management-system/bjt-front/bjt-product-system/frontend/e2e/tests/machines.spec.ts:9:8

    Error: page.waitForSelector: Test timeout of 30000ms exceeded.
    Call log:
      - waiting for locator('[data-testid="page-content"]') to be visible


       at utils/test-helpers.ts:14

      12 |   async waitForPageLoad(timeout = 30000) {
      13 |     await this.page.waitForLoadState('networkidle', { timeout });
    > 14 |     await this.page.waitForSelector('[data-testid="page-content"]', { timeout });
         |                     ^
      15 |   }
      16 |
      17 |   /**
        at TestHelpers.waitForPageLoad (/Users/zuodao/BLP/product-management-system/bjt-front/bjt-product-system/frontend/e2e/utils/test-helpers.ts:14:21)
        at MachinesPage.goto (/Users/zuodao/BLP/product-management-system/bjt-front/bjt-product-system/frontend/e2e/pages/MachinesPage.ts:43:5)
        at /Users/zuodao/BLP/product-management-system/bjt-front/bjt-product-system/frontend/e2e/tests/machines.spec.ts:12:5

    attachment #1: screenshot (image/png) ──────────────────────────────────────────────────────────
    test-results/tests-machines-机器页面-E2E-测试-应该处理网络错误-chromium/test-failed-1.png
    ────────────────────────────────────────────────────────────────────────────────────────────────

    attachment #2: video (video/webm) ──────────────────────────────────────────────────────────────
    test-results/tests-machines-机器页面-E2E-测试-应该处理网络错误-chromium/video.webm
    ────────────────────────────────────────────────────────────────────────────────────────────────

    Error Context: ../test-results/tests-machines-机器页面-E2E-测试-应该处理网络错误-chromium/error-context.md
]]>
</failure>
<system-err>
<![CDATA[
Warning: attachment test-results/tests-machines-机器页面-E2E-测试-应该处理网络错误-chromium/test-failed-1.png is missing
Warning: attachment test-results/tests-machines-机器页面-E2E-测试-应该处理网络错误-chromium/video.webm is missing
Warning: attachment test-results/tests-machines-机器页面-E2E-测试-应该处理网络错误-chromium/error-context.md is missing]]>
</system-err>
</testcase>
</testsuite>
<testsuite name="tests/user-flow.spec.ts" timestamp="2025-05-23T12:26:34.558Z" hostname="chromium" tests="7" failures="7" skipped="0" time="217.388" errors="0">
<testcase name="用户完整流程 E2E 测试 › 完整的产品浏览和购买流程" classname="tests/user-flow.spec.ts" time="30.716">
<failure message="user-flow.spec.ts:17:3 完整的产品浏览和购买流程" type="FAILURE">
<![CDATA[  [chromium] › tests/user-flow.spec.ts:17:3 › 用户完整流程 E2E 测试 › 完整的产品浏览和购买流程 ─────────────────────────

    Test timeout of 30000ms exceeded.

    Error: page.waitForSelector: Test timeout of 30000ms exceeded.
    Call log:
      - waiting for locator('[data-testid="page-content"]') to be visible


       at utils/test-helpers.ts:14

      12 |   async waitForPageLoad(timeout = 30000) {
      13 |     await this.page.waitForLoadState('networkidle', { timeout });
    > 14 |     await this.page.waitForSelector('[data-testid="page-content"]', { timeout });
         |                     ^
      15 |   }
      16 |
      17 |   /**
        at TestHelpers.waitForPageLoad (/Users/zuodao/BLP/product-management-system/bjt-front/bjt-product-system/frontend/e2e/utils/test-helpers.ts:14:21)
        at HomePage.goto (/Users/zuodao/BLP/product-management-system/bjt-front/bjt-product-system/frontend/e2e/pages/HomePage.ts:39:5)
        at /Users/zuodao/BLP/product-management-system/bjt-front/bjt-product-system/frontend/e2e/tests/user-flow.spec.ts:21:5

    attachment #1: screenshot (image/png) ──────────────────────────────────────────────────────────
    test-results/tests-user-flow-用户完整流程-E2E-测试-完整的产品浏览和购买流程-chromium/test-failed-1.png
    ────────────────────────────────────────────────────────────────────────────────────────────────

    attachment #2: video (video/webm) ──────────────────────────────────────────────────────────────
    test-results/tests-user-flow-用户完整流程-E2E-测试-完整的产品浏览和购买流程-chromium/video.webm
    ────────────────────────────────────────────────────────────────────────────────────────────────

    Error Context: ../test-results/tests-user-flow-用户完整流程-E2E-测试-完整的产品浏览和购买流程-chromium/error-context.md
]]>
</failure>
<system-out>
<![CDATA[🚀 开始完整用户流程测试
]]>
</system-out>
<system-err>
<![CDATA[
Warning: attachment test-results/tests-user-flow-用户完整流程-E2E-测试-完整的产品浏览和购买流程-chromium/test-failed-1.png is missing
Warning: attachment test-results/tests-user-flow-用户完整流程-E2E-测试-完整的产品浏览和购买流程-chromium/video.webm is missing
Warning: attachment test-results/tests-user-flow-用户完整流程-E2E-测试-完整的产品浏览和购买流程-chromium/error-context.md is missing]]>
</system-err>
</testcase>
<testcase name="用户完整流程 E2E 测试 › 跨页面导航流程" classname="tests/user-flow.spec.ts" time="30.763">
<failure message="user-flow.spec.ts:63:3 跨页面导航流程" type="FAILURE">
<![CDATA[  [chromium] › tests/user-flow.spec.ts:63:3 › 用户完整流程 E2E 测试 › 跨页面导航流程 ──────────────────────────────

    Test timeout of 30000ms exceeded.

    Error: page.waitForSelector: Test timeout of 30000ms exceeded.
    Call log:
      - waiting for locator('[data-testid="page-content"]') to be visible


       at utils/test-helpers.ts:14

      12 |   async waitForPageLoad(timeout = 30000) {
      13 |     await this.page.waitForLoadState('networkidle', { timeout });
    > 14 |     await this.page.waitForSelector('[data-testid="page-content"]', { timeout });
         |                     ^
      15 |   }
      16 |
      17 |   /**
        at TestHelpers.waitForPageLoad (/Users/zuodao/BLP/product-management-system/bjt-front/bjt-product-system/frontend/e2e/utils/test-helpers.ts:14:21)
        at HomePage.goto (/Users/zuodao/BLP/product-management-system/bjt-front/bjt-product-system/frontend/e2e/pages/HomePage.ts:39:5)
        at /Users/zuodao/BLP/product-management-system/bjt-front/bjt-product-system/frontend/e2e/tests/user-flow.spec.ts:67:5

    attachment #1: screenshot (image/png) ──────────────────────────────────────────────────────────
    test-results/tests-user-flow-用户完整流程-E2E-测试-跨页面导航流程-chromium/test-failed-1.png
    ────────────────────────────────────────────────────────────────────────────────────────────────

    attachment #2: video (video/webm) ──────────────────────────────────────────────────────────────
    test-results/tests-user-flow-用户完整流程-E2E-测试-跨页面导航流程-chromium/video.webm
    ────────────────────────────────────────────────────────────────────────────────────────────────

    Error Context: ../test-results/tests-user-flow-用户完整流程-E2E-测试-跨页面导航流程-chromium/error-context.md
]]>
</failure>
<system-out>
<![CDATA[🚀 开始跨页面导航测试
]]>
</system-out>
<system-err>
<![CDATA[
Warning: attachment test-results/tests-user-flow-用户完整流程-E2E-测试-跨页面导航流程-chromium/test-failed-1.png is missing
Warning: attachment test-results/tests-user-flow-用户完整流程-E2E-测试-跨页面导航流程-chromium/video.webm is missing
Warning: attachment test-results/tests-user-flow-用户完整流程-E2E-测试-跨页面导航流程-chromium/error-context.md is missing]]>
</system-err>
</testcase>
<testcase name="用户完整流程 E2E 测试 › 多设备响应式测试流程" classname="tests/user-flow.spec.ts" time="31.012">
<failure message="user-flow.spec.ts:93:3 多设备响应式测试流程" type="FAILURE">
<![CDATA[  [chromium] › tests/user-flow.spec.ts:93:3 › 用户完整流程 E2E 测试 › 多设备响应式测试流程 ───────────────────────────

    Test timeout of 30000ms exceeded.

[...]

    attachment #1: screenshot (image/png) ──────────────────────────────────────────────────────────
    test-results/tests-machines-机器页面-E2E-测试-应该显示加载状态-Mobile-Safari/test-failed-1.png
    ────────────────────────────────────────────────────────────────────────────────────────────────

    attachment #2: video (video/webm) ──────────────────────────────────────────────────────────────
    test-results/tests-machines-机器页面-E2E-测试-应该显示加载状态-Mobile-Safari/video.webm
    ────────────────────────────────────────────────────────────────────────────────────────────────

    Error Context: ../test-results/tests-machines-机器页面-E2E-测试-应该显示加载状态-Mobile-Safari/error-context.md
]]>
</failure>
<system-out>
<![CDATA[
[[ATTACHMENT|test-results/tests-machines-机器页面-E2E-测试-应该显示加载状态-Mobile-Safari/test-failed-1.png]]

[[ATTACHMENT|test-results/tests-machines-机器页面-E2E-测试-应该显示加载状态-Mobile-Safari/video.webm]]

[[ATTACHMENT|test-results/tests-machines-机器页面-E2E-测试-应该显示加载状态-Mobile-Safari/error-context.md]]
]]>
</system-out>
</testcase>
<testcase name="机器页面 E2E 测试 › 应该处理网络错误" classname="tests/machines.spec.ts" time="30.163">
<failure message="machines.spec.ts:225:3 应该处理网络错误" type="FAILURE">
<![CDATA[  [Mobile Safari] › tests/machines.spec.ts:225:3 › 机器页面 E2E 测试 › 应该处理网络错误 ──────────────────────────

    Test timeout of 30000ms exceeded while running "beforeEach" hook.

       7 |   let helpers: TestHelpers;
       8 |
    >  9 |   test.beforeEach(async ({ page }) => {
         |        ^
      10 |     machinesPage = new MachinesPage(page);
      11 |     helpers = new TestHelpers(page);
      12 |     await machinesPage.goto();
        at /Users/zuodao/BLP/product-management-system/bjt-front/bjt-product-system/frontend/e2e/tests/machines.spec.ts:9:8

    Error: page.waitForSelector: Test timeout of 30000ms exceeded.
    Call log:
      - waiting for locator('[data-testid="page-content"]') to be visible


       at utils/test-helpers.ts:14

      12 |   async waitForPageLoad(timeout = 30000) {
      13 |     await this.page.waitForLoadState('networkidle', { timeout });
    > 14 |     await this.page.waitForSelector('[data-testid="page-content"]', { timeout });
         |                     ^
      15 |   }
      16 |
      17 |   /**
        at TestHelpers.waitForPageLoad (/Users/zuodao/BLP/product-management-system/bjt-front/bjt-product-system/frontend/e2e/utils/test-helpers.ts:14:21)
        at MachinesPage.goto (/Users/zuodao/BLP/product-management-system/bjt-front/bjt-product-system/frontend/e2e/pages/MachinesPage.ts:43:5)
        at /Users/zuodao/BLP/product-management-system/bjt-front/bjt-product-system/frontend/e2e/tests/machines.spec.ts:12:5

    attachment #1: screenshot (image/png) ──────────────────────────────────────────────────────────
    test-results/tests-machines-机器页面-E2E-测试-应该处理网络错误-Mobile-Safari/test-failed-1.png
    ────────────────────────────────────────────────────────────────────────────────────────────────

    attachment #2: video (video/webm) ──────────────────────────────────────────────────────────────
    test-results/tests-machines-机器页面-E2E-测试-应该处理网络错误-Mobile-Safari/video.webm
    ────────────────────────────────────────────────────────────────────────────────────────────────

    Error Context: ../test-results/tests-machines-机器页面-E2E-测试-应该处理网络错误-Mobile-Safari/error-context.md
]]>
</failure>
<system-out>
<![CDATA[
[[ATTACHMENT|test-results/tests-machines-机器页面-E2E-测试-应该处理网络错误-Mobile-Safari/test-failed-1.png]]

[[ATTACHMENT|test-results/tests-machines-机器页面-E2E-测试-应该处理网络错误-Mobile-Safari/video.webm]]

[[ATTACHMENT|test-results/tests-machines-机器页面-E2E-测试-应该处理网络错误-Mobile-Safari/error-context.md]]
]]>
</system-out>
</testcase>
</testsuite>
<testsuite name="tests/user-flow.spec.ts" timestamp="2025-05-23T12:26:34.558Z" hostname="Mobile Safari" tests="7" failures="7" skipped="0" time="214.571" errors="0">
<testcase name="用户完整流程 E2E 测试 › 完整的产品浏览和购买流程" classname="tests/user-flow.spec.ts" time="30.51">
<failure message="user-flow.spec.ts:17:3 完整的产品浏览和购买流程" type="FAILURE">
<![CDATA[  [Mobile Safari] › tests/user-flow.spec.ts:17:3 › 用户完整流程 E2E 测试 › 完整的产品浏览和购买流程 ────────────────────

    Test timeout of 30000ms exceeded.

    Error: page.waitForSelector: Test timeout of 30000ms exceeded.
    Call log:
      - waiting for locator('[data-testid="page-content"]') to be visible


       at utils/test-helpers.ts:14

      12 |   async waitForPageLoad(timeout = 30000) {
      13 |     await this.page.waitForLoadState('networkidle', { timeout });
    > 14 |     await this.page.waitForSelector('[data-testid="page-content"]', { timeout });
         |                     ^
      15 |   }
      16 |
      17 |   /**
        at TestHelpers.waitForPageLoad (/Users/zuodao/BLP/product-management-system/bjt-front/bjt-product-system/frontend/e2e/utils/test-helpers.ts:14:21)
        at HomePage.goto (/Users/zuodao/BLP/product-management-system/bjt-front/bjt-product-system/frontend/e2e/pages/HomePage.ts:39:5)
        at /Users/zuodao/BLP/product-management-system/bjt-front/bjt-product-system/frontend/e2e/tests/user-flow.spec.ts:21:5

    attachment #1: screenshot (image/png) ──────────────────────────────────────────────────────────
    test-results/tests-user-flow-用户完整流程-E2E-测试-完整的产品浏览和购买流程-Mobile-Safari/test-failed-1.png
    ────────────────────────────────────────────────────────────────────────────────────────────────

    attachment #2: video (video/webm) ──────────────────────────────────────────────────────────────
    test-results/tests-user-flow-用户完整流程-E2E-测试-完整的产品浏览和购买流程-Mobile-Safari/video.webm
    ────────────────────────────────────────────────────────────────────────────────────────────────

    Error Context: ../test-results/tests-user-flow-用户完整流程-E2E-测试-完整的产品浏览和购买流程-Mobile-Safari/error-context.md
]]>
</failure>
<system-out>
<![CDATA[🚀 开始完整用户流程测试

[[ATTACHMENT|test-results/tests-user-flow-用户完整流程-E2E-测试-完整的产品浏览和购买流程-Mobile-Safari/test-failed-1.png]]

[[ATTACHMENT|test-results/tests-user-flow-用户完整流程-E2E-测试-完整的产品浏览和购买流程-Mobile-Safari/video.webm]]

[[ATTACHMENT|test-results/tests-user-flow-用户完整流程-E2E-测试-完整的产品浏览和购买流程-Mobile-Safari/error-context.md]]
]]>
</system-out>
</testcase>
<testcase name="用户完整流程 E2E 测试 › 跨页面导航流程" classname="tests/user-flow.spec.ts" time="30.453">
<failure message="user-flow.spec.ts:63:3 跨页面导航流程" type="FAILURE">
<![CDATA[  [Mobile Safari] › tests/user-flow.spec.ts:63:3 › 用户完整流程 E2E 测试 › 跨页面导航流程 ─────────────────────────

    Test timeout of 30000ms exceeded.

    Error: page.waitForSelector: Test timeout of 30000ms exceeded.
    Call log:
      - waiting for locator('[data-testid="page-content"]') to be visible


       at utils/test-helpers.ts:14

      12 |   async waitForPageLoad(timeout = 30000) {
      13 |     await this.page.waitForLoadState('networkidle', { timeout });
    > 14 |     await this.page.waitForSelector('[data-testid="page-content"]', { timeout });
         |                     ^
      15 |   }
      16 |
      17 |   /**
        at TestHelpers.waitForPageLoad (/Users/zuodao/BLP/product-management-system/bjt-front/bjt-product-system/frontend/e2e/utils/test-helpers.ts:14:21)
        at HomePage.goto (/Users/zuodao/BLP/product-management-system/bjt-front/bjt-product-system/frontend/e2e/pages/HomePage.ts:39:5)
        at /Users/zuodao/BLP/product-management-system/bjt-front/bjt-product-system/frontend/e2e/tests/user-flow.spec.ts:67:5

    attachment #1: screenshot (image/png) ──────────────────────────────────────────────────────────
    test-results/tests-user-flow-用户完整流程-E2E-测试-跨页面导航流程-Mobile-Safari/test-failed-1.png
    ────────────────────────────────────────────────────────────────────────────────────────────────

    attachment #2: video (video/webm) ──────────────────────────────────────────────────────────────
    test-results/tests-user-flow-用户完整流程-E2E-测试-跨页面导航流程-Mobile-Safari/video.webm
    ────────────────────────────────────────────────────────────────────────────────────────────────

    Error Context: ../test-results/tests-user-flow-用户完整流程-E2E-测试-跨页面导航流程-Mobile-Safari/error-context.md
]]>
</failure>
<system-out>
<![CDATA[🚀 开始跨页面导航测试

[[ATTACHMENT|test-results/tests-user-flow-用户完整流程-E2E-测试-跨页面导航流程-Mobile-Safari/test-failed-1.png]]

[[ATTACHMENT|test-results/tests-user-flow-用户完整流程-E2E-测试-跨页面导航流程-Mobile-Safari/video.webm]]

[[ATTACHMENT|test-results/tests-user-flow-用户完整流程-E2E-测试-跨页面导航流程-Mobile-Safari/error-context.md]]
]]>
</system-out>
</testcase>
<testcase name="用户完整流程 E2E 测试 › 多设备响应式测试流程" classname="tests/user-flow.spec.ts" time="31.595">
<failure message="user-flow.spec.ts:93:3 多设备响应式测试流程" type="FAILURE">
<![CDATA[  [Mobile Safari] › tests/user-flow.spec.ts:93:3 › 用户完整流程 E2E 测试 › 多设备响应式测试流程 ──────────────────────

    Test timeout of 30000ms exceeded.

    Error: page.waitForSelector: Test timeout of 30000ms exceeded.
    Call log:
      - waiting for locator('[data-testid="page-content"]') to be visible


       at utils/test-helpers.ts:14

      12 |   async waitForPageLoad(timeout = 30000) {
      13 |     await this.page.waitForLoadState('networkidle', { timeout });
    > 14 |     await this.page.waitForSelector('[data-testid="page-content"]', { timeout });
         |                     ^
      15 |   }
      16 |
      17 |   /**
        at TestHelpers.waitForPageLoad (/Users/zuodao/BLP/product-management-system/bjt-front/bjt-product-system/frontend/e2e/utils/test-helpers.ts:14:21)
        at HomePage.goto (/Users/zuodao/BLP/product-management-system/bjt-front/bjt-product-system/frontend/e2e/pages/HomePage.ts:39:5)
        at /Users/zuodao/BLP/product-management-system/bjt-front/bjt-product-system/frontend/e2e/tests/user-flow.spec.ts:98:5

    attachment #1: screenshot (image/png) ──────────────────────────────────────────────────────────
    test-results/tests-user-flow-用户完整流程-E2E-测试-多设备响应式测试流程-Mobile-Safari/test-failed-1.png
    ────────────────────────────────────────────────────────────────────────────────────────────────

    attachment #2: video (video/webm) ──────────────────────────────────────────────────────────────
    test-results/tests-user-flow-用户完整流程-E2E-测试-多设备响应式测试流程-Mobile-Safari/video.webm
    ────────────────────────────────────────────────────────────────────────────────────────────────

    Error Context: ../test-results/tests-user-flow-用户完整流程-E2E-测试-多设备响应式测试流程-Mobile-Safari/error-context.md
]]>
</failure>
<system-out>
<![CDATA[🚀 开始多设备响应式测试

[[ATTACHMENT|test-results/tests-user-flow-用户完整流程-E2E-测试-多设备响应式测试流程-Mobile-Safari/test-failed-1.png]]

[[ATTACHMENT|test-results/tests-user-flow-用户完整流程-E2E-测试-多设备响应式测试流程-Mobile-Safari/video.webm]]

[[ATTACHMENT|test-results/tests-user-flow-用户完整流程-E2E-测试-多设备响应式测试流程-Mobile-Safari/error-context.md]]
]]>
</system-out>
</testcase>
<testcase name="用户完整流程 E2E 测试 › 数据源切换完整流程" classname="tests/user-flow.spec.ts" time="30.89">
<failure message="user-flow.spec.ts:125:3 数据源切换完整流程" type="FAILURE">
<![CDATA[  [Mobile Safari] › tests/user-flow.spec.ts:125:3 › 用户完整流程 E2E 测试 › 数据源切换完整流程 ──────────────────────

    Test timeout of 30000ms exceeded.

    Error: page.waitForSelector: Test timeout of 30000ms exceeded.
    Call log:
      - waiting for locator('[data-testid="page-content"]') to be visible


       at utils/test-helpers.ts:14

      12 |   async waitForPageLoad(timeout = 30000) {
      13 |     await this.page.waitForLoadState('networkidle', { timeout });
    > 14 |     await this.page.waitForSelector('[data-testid="page-content"]', { timeout });
         |                     ^
      15 |   }
      16 |
      17 |   /**
        at TestHelpers.waitForPageLoad (/Users/zuodao/BLP/product-management-system/bjt-front/bjt-product-system/frontend/e2e/utils/test-helpers.ts:14:21)
        at HomePage.goto (/Users/zuodao/BLP/product-management-system/bjt-front/bjt-product-system/frontend/e2e/pages/HomePage.ts:39:5)
        at /Users/zuodao/BLP/product-management-system/bjt-front/bjt-product-system/frontend/e2e/tests/user-flow.spec.ts:128:5

    attachment #1: screenshot (image/png) ──────────────────────────────────────────────────────────
    test-results/tests-user-flow-用户完整流程-E2E-测试-数据源切换完整流程-Mobile-Safari/test-failed-1.png
    ────────────────────────────────────────────────────────────────────────────────────────────────

    attachment #2: video (video/webm) ──────────────────────────────────────────────────────────────
    test-results/tests-user-flow-用户完整流程-E2E-测试-数据源切换完整流程-Mobile-Safari/video.webm
    ────────────────────────────────────────────────────────────────────────────────────────────────

    Error Context: ../test-results/tests-user-flow-用户完整流程-E2E-测试-数据源切换完整流程-Mobile-Safari/error-context.md
]]>
</failure>
<system-out>
<![CDATA[🚀 开始数据源切换测试

[[ATTACHMENT|test-results/tests-user-flow-用户完整流程-E2E-测试-数据源切换完整流程-Mobile-Safari/test-failed-1.png]]

[[ATTACHMENT|test-results/tests-user-flow-用户完整流程-E2E-测试-数据源切换完整流程-Mobile-Safari/video.webm]]

[[ATTACHMENT|test-results/tests-user-flow-用户完整流程-E2E-测试-数据源切换完整流程-Mobile-Safari/error-context.md]]
]]>
</system-out>
</testcase>
<testcase name="用户完整流程 E2E 测试 › 错误处理和恢复流程" classname="tests/user-flow.spec.ts" time="30.46">
<failure message="user-flow.spec.ts:157:3 错误处理和恢复流程" type="FAILURE">
<![CDATA[  [Mobile Safari] › tests/user-flow.spec.ts:157:3 › 用户完整流程 E2E 测试 › 错误处理和恢复流程 ──────────────────────

    Test timeout of 30000ms exceeded.

    Error: page.waitForSelector: Test timeout of 30000ms exceeded.
    Call log:
      - waiting for locator('[data-testid="page-content"]') to be visible


       at utils/test-helpers.ts:14

      12 |   async waitForPageLoad(timeout = 30000) {
      13 |     await this.page.waitForLoadState('networkidle', { timeout });
    > 14 |     await this.page.waitForSelector('[data-testid="page-content"]', { timeout });
         |                     ^
      15 |   }
      16 |
      17 |   /**
        at TestHelpers.waitForPageLoad (/Users/zuodao/BLP/product-management-system/bjt-front/bjt-product-system/frontend/e2e/utils/test-helpers.ts:14:21)
        at HomePage.goto (/Users/zuodao/BLP/product-management-system/bjt-front/bjt-product-system/frontend/e2e/pages/HomePage.ts:39:5)
        at /Users/zuodao/BLP/product-management-system/bjt-front/bjt-product-system/frontend/e2e/tests/user-flow.spec.ts:161:5

    attachment #1: screenshot (image/png) ──────────────────────────────────────────────────────────
    test-results/tests-user-flow-用户完整流程-E2E-测试-错误处理和恢复流程-Mobile-Safari/test-failed-1.png
    ────────────────────────────────────────────────────────────────────────────────────────────────

    attachment #2: video (video/webm) ──────────────────────────────────────────────────────────────
    test-results/tests-user-flow-用户完整流程-E2E-测试-错误处理和恢复流程-Mobile-Safari/video.webm
    ────────────────────────────────────────────────────────────────────────────────────────────────

    Error Context: ../test-results/tests-user-flow-用户完整流程-E2E-测试-错误处理和恢复流程-Mobile-Safari/error-context.md
]]>
</failure>
<system-out>
<![CDATA[🚀 开始错误处理测试

[[ATTACHMENT|test-results/tests-user-flow-用户完整流程-E2E-测试-错误处理和恢复流程-Mobile-Safari/test-failed-1.png]]

[[ATTACHMENT|test-results/tests-user-flow-用户完整流程-E2E-测试-错误处理和恢复流程-Mobile-Safari/video.webm]]

[[ATTACHMENT|test-results/tests-user-flow-用户完整流程-E2E-测试-错误处理和恢复流程-Mobile-Safari/error-context.md]]
]]>
</system-out>
</testcase>
<testcase name="用户完整流程 E2E 测试 › 性能监控完整流程" classname="tests/user-flow.spec.ts" time="30.461">
<failure message="user-flow.spec.ts:185:3 性能监控完整流程" type="FAILURE">
<![CDATA[  [Mobile Safari] › tests/user-flow.spec.ts:185:3 › 用户完整流程 E2E 测试 › 性能监控完整流程 ───────────────────────

    Test timeout of 30000ms exceeded.

    Error: page.waitForSelector: Test timeout of 30000ms exceeded.
    Call log:
      - waiting for locator('[data-testid="page-content"]') to be visible


       at utils/test-helpers.ts:14

      12 |   async waitForPageLoad(timeout = 30000) {
      13 |     await this.page.waitForLoadState('networkidle', { timeout });
    > 14 |     await this.page.waitForSelector('[data-testid="page-content"]', { timeout });
         |                     ^
      15 |   }
      16 |
      17 |   /**
        at TestHelpers.waitForPageLoad (/Users/zuodao/BLP/product-management-system/bjt-front/bjt-product-system/frontend/e2e/utils/test-helpers.ts:14:21)
        at HomePage.goto (/Users/zuodao/BLP/product-management-system/bjt-front/bjt-product-system/frontend/e2e/pages/HomePage.ts:39:5)
        at /Users/zuodao/BLP/product-management-system/bjt-front/bjt-product-system/frontend/e2e/tests/user-flow.spec.ts:189:5

    attachment #1: screenshot (image/png) ──────────────────────────────────────────────────────────
    test-results/tests-user-flow-用户完整流程-E2E-测试-性能监控完整流程-Mobile-Safari/test-failed-1.png
    ────────────────────────────────────────────────────────────────────────────────────────────────

    attachment #2: video (video/webm) ──────────────────────────────────────────────────────────────
    test-results/tests-user-flow-用户完整流程-E2E-测试-性能监控完整流程-Mobile-Safari/video.webm
    ────────────────────────────────────────────────────────────────────────────────────────────────

    Error Context: ../test-results/tests-user-flow-用户完整流程-E2E-测试-性能监控完整流程-Mobile-Safari/error-context.md
]]>
</failure>
<system-out>
<![CDATA[🚀 开始性能监控测试

[[ATTACHMENT|test-results/tests-user-flow-用户完整流程-E2E-测试-性能监控完整流程-Mobile-Safari/test-failed-1.png]]

[[ATTACHMENT|test-results/tests-user-flow-用户完整流程-E2E-测试-性能监控完整流程-Mobile-Safari/video.webm]]

[[ATTACHMENT|test-results/tests-user-flow-用户完整流程-E2E-测试-性能监控完整流程-Mobile-Safari/error-context.md]]
]]>
</system-out>
</testcase>
<testcase name="用户完整流程 E2E 测试 › 搜索和筛选完整流程" classname="tests/user-flow.spec.ts" time="30.202">
<failure message="user-flow.spec.ts:212:3 搜索和筛选完整流程" type="FAILURE">
<![CDATA[  [Mobile Safari] › tests/user-flow.spec.ts:212:3 › 用户完整流程 E2E 测试 › 搜索和筛选完整流程 ──────────────────────

    Test timeout of 30000ms exceeded.

    Error: page.waitForSelector: Test timeout of 30000ms exceeded.
    Call log:
      - waiting for locator('[data-testid="page-content"]') to be visible


       at utils/test-helpers.ts:14

      12 |   async waitForPageLoad(timeout = 30000) {
      13 |     await this.page.waitForLoadState('networkidle', { timeout });
    > 14 |     await this.page.waitForSelector('[data-testid="page-content"]', { timeout });
         |                     ^
      15 |   }
      16 |
      17 |   /**
        at TestHelpers.waitForPageLoad (/Users/zuodao/BLP/product-management-system/bjt-front/bjt-product-system/frontend/e2e/utils/test-helpers.ts:14:21)
        at MachinesPage.goto (/Users/zuodao/BLP/product-management-system/bjt-front/bjt-product-system/frontend/e2e/pages/MachinesPage.ts:43:5)
        at /Users/zuodao/BLP/product-management-system/bjt-front/bjt-product-system/frontend/e2e/tests/user-flow.spec.ts:216:5

    attachment #1: screenshot (image/png) ──────────────────────────────────────────────────────────
    test-results/tests-user-flow-用户完整流程-E2E-测试-搜索和筛选完整流程-Mobile-Safari/test-failed-1.png
    ────────────────────────────────────────────────────────────────────────────────────────────────

    attachment #2: video (video/webm) ──────────────────────────────────────────────────────────────
    test-results/tests-user-flow-用户完整流程-E2E-测试-搜索和筛选完整流程-Mobile-Safari/video.webm
    ────────────────────────────────────────────────────────────────────────────────────────────────

    Error Context: ../test-results/tests-user-flow-用户完整流程-E2E-测试-搜索和筛选完整流程-Mobile-Safari/error-context.md
]]>
</failure>
<system-out>
<![CDATA[🚀 开始搜索和筛选测试

[[ATTACHMENT|test-results/tests-user-flow-用户完整流程-E2E-测试-搜索和筛选完整流程-Mobile-Safari/test-failed-1.png]]

[[ATTACHMENT|test-results/tests-user-flow-用户完整流程-E2E-测试-搜索和筛选完整流程-Mobile-Safari/video.webm]]

[[ATTACHMENT|test-results/tests-user-flow-用户完整流程-E2E-测试-搜索和筛选完整流程-Mobile-Safari/error-context.md]]
]]>
</system-out>
</testcase>
</testsuite>
</testsuites>